Copyright 1986-2017 Xilinx, Inc. All Rights Reserved.
--------------------------------------------------------------------------------------------------------------------
| Tool Version : Vivado v.2017.4 (lin64) Build 2086221 Fri Dec 15 20:54:30 MST 2017
| Date         : Wed Mar  6 09:34:35 2019
| Host         : mwest-desktop running 64-bit Ubuntu 18.04.2 LTS
| Command      : report_utilization -omit_locs -file /home/mwest/git/fpgadev/usrp3/top/n3xx/build-N320_XQ/build.rpt
| Design       : n3xx
| Device       : 7z100ffg900-2
| Design State : Routed
--------------------------------------------------------------------------------------------------------------------

Utilization Design Information

Table of Contents
-----------------
1. Slice Logic
1.1 Summary of Registers by Type
2. Slice Logic Distribution
3. Memory
4. DSP
5. IO and GT Specific
6. Clocking
7. Specific Feature
8. Primitives
9. Black Boxes
10. Instantiated Netlists

1. Slice Logic
--------------

+----------------------------+--------+-----------+-------+
|          Site Type         |  Used  | Available | Util% |
+----------------------------+--------+-----------+-------+
| Slice LUTs                 | 138224 |    277400 | 49.83 |
|   LUT as Logic             | 123494 |    277400 | 44.52 |
|   LUT as Memory            |  14730 |    108200 | 13.61 |
|     LUT as Distributed RAM |   7391 |           |       |
|     LUT as Shift Register  |   7339 |           |       |
| Slice Registers            | 215427 |    554800 | 38.83 |
|   Register as Flip Flop    | 215413 |    554800 | 38.83 |
|   Register as Latch        |      0 |    554800 |  0.00 |
|   Register as AND/OR       |     14 |    554800 | <0.01 |
| F7 Muxes                   |   1398 |    138700 |  1.01 |
| F8 Muxes                   |    107 |     69350 |  0.15 |
+----------------------------+--------+-----------+-------+


1.1 Summary of Registers by Type
--------------------------------

+--------+--------------+-------------+--------------+
|  Total | Clock Enable | Synchronous | Asynchronous |
+--------+--------------+-------------+--------------+
| 14     |            _ |           - |            - |
| 0      |            _ |           - |          Set |
| 0      |            _ |           - |        Reset |
| 0      |            _ |         Set |            - |
| 0      |            _ |       Reset |            - |
| 0      |          Yes |           - |            - |
| 5105   |          Yes |           - |          Set |
| 36653  |          Yes |           - |        Reset |
| 2742   |          Yes |         Set |            - |
| 170921 |          Yes |       Reset |            - |
+--------+--------------+-------------+--------------+


2. Slice Logic Distribution
---------------------------

+-------------------------------------------+--------+-----------+-------+
|                 Site Type                 |  Used  | Available | Util% |
+-------------------------------------------+--------+-----------+-------+
| Slice                                     |  62237 |     69350 | 89.74 |
|   SLICEL                                  |  37859 |           |       |
|   SLICEM                                  |  24378 |           |       |
| LUT as Logic                              | 123494 |    277400 | 44.52 |
|   using O5 output only                    |     19 |           |       |
|   using O6 output only                    |  96613 |           |       |
|   using O5 and O6                         |  26862 |           |       |
| LUT as Memory                             |  14730 |    108200 | 13.61 |
|   LUT as Distributed RAM                  |   7391 |           |       |
|     using O5 output only                  |      0 |           |       |
|     using O6 output only                  |    339 |           |       |
|     using O5 and O6                       |   7052 |           |       |
|   LUT as Shift Register                   |   7339 |           |       |
|     using O5 output only                  |   3774 |           |       |
|     using O6 output only                  |   2740 |           |       |
|     using O5 and O6                       |    825 |           |       |
| LUT Flip Flop Pairs                       |  65895 |    277400 | 23.75 |
|   fully used LUT-FF pairs                 |  17082 |           |       |
|   LUT-FF pairs with one unused LUT output |  46350 |           |       |
|   LUT-FF pairs with one unused Flip Flop  |  41357 |           |       |
| Unique Control Sets                       |   7608 |           |       |
+-------------------------------------------+--------+-----------+-------+
* Note: Review the Control Sets Report for more information regarding control sets.


3. Memory
---------

+-------------------+------+-----------+-------+
|     Site Type     | Used | Available | Util% |
+-------------------+------+-----------+-------+
| Block RAM Tile    |  475 |       755 | 62.91 |
|   RAMB36/FIFO*    |  430 |       755 | 56.95 |
|     RAMB36E1 only |  430 |           |       |
|   RAMB18          |   90 |      1510 |  5.96 |
|     RAMB18E1 only |   90 |           |       |
+-------------------+------+-----------+-------+
* Note: Each Block RAM Tile only has one FIFO logic available and therefore can accommodate only one FIFO36E1 or one FIFO18E1. However, if a FIFO18E1 occupies a Block RAM Tile, that tile can still accommodate a RAMB18E1


4. DSP
------

+----------------+------+-----------+-------+
|    Site Type   | Used | Available | Util% |
+----------------+------+-----------+-------+
| DSPs           |  539 |      2020 | 26.68 |
|   DSP48E1 only |  539 |           |       |
+----------------+------+-----------+-------+


5. IO and GT Specific
---------------------

+-----------------------------+------+-----------+--------+
|          Site Type          | Used | Available |  Util% |
+-----------------------------+------+-----------+--------+
| Bonded IOB                  |  207 |       362 |  57.18 |
|   IOB Master Pads           |  103 |           |        |
|   IOB Slave Pads            |  104 |           |        |
|   IOB Flip Flops            |    8 |           |        |
| Bonded IPADs                |   32 |        50 |  64.00 |
| Bonded OPADs                |   24 |        32 |  75.00 |
| Bonded IOPADs               |  130 |       130 | 100.00 |
| PHY_CONTROL                 |    2 |         8 |  25.00 |
| PHASER_REF                  |    2 |         8 |  25.00 |
| OUT_FIFO                    |    8 |        32 |  25.00 |
| IN_FIFO                     |    4 |        32 |  12.50 |
| IDELAYCTRL                  |    1 |         8 |  12.50 |
| IBUFDS                      |   10 |       348 |   2.87 |
| GTXE2_COMMON                |    4 |         4 | 100.00 |
| GTXE2_CHANNEL               |   12 |        16 |  75.00 |
| PHASER_OUT/PHASER_OUT_PHY   |    8 |        32 |  25.00 |
|   PHASER_OUT_PHY only       |    8 |           |        |
| PHASER_IN/PHASER_IN_PHY     |    4 |        32 |  12.50 |
|   PHASER_IN_PHY only        |    4 |           |        |
| IDELAYE2/IDELAYE2_FINEDELAY |   32 |       400 |   8.00 |
|   IDELAYE2 only             |   32 |           |        |
| ODELAYE2/ODELAYE2_FINEDELAY |    0 |       150 |   0.00 |
| IBUFDS_GTE2                 |    4 |         8 |  50.00 |
| ILOGIC                      |   46 |       362 |  12.71 |
|   IFF_Register              |    2 |           |        |
|   IFF_IDDR_Register         |   12 |           |        |
|   ISERDES                   |   32 |       362 |        |
| OLOGIC                      |   84 |       362 |  23.20 |
|   OUTFF_Register            |    6 |           |        |
|   OUTFF_ODDR_Register       |   13 |           |        |
|   TFF_ODDR_Register         |    4 |           |        |
|   OSERDES                   |   65 |       362 |        |
+-----------------------------+------+-----------+--------+


6. Clocking
-----------

+------------+------+-----------+-------+
|  Site Type | Used | Available | Util% |
+------------+------+-----------+-------+
| BUFGCTRL   |   25 |        32 | 78.13 |
| BUFIO      |    0 |        32 |  0.00 |
| MMCME2_ADV |    6 |         8 | 75.00 |
| PLLE2_ADV  |    1 |         8 | 12.50 |
| BUFMRCE    |    0 |        16 |  0.00 |
| BUFHCE     |    6 |       168 |  3.57 |
| BUFR       |    1 |        32 |  3.13 |
+------------+------+-----------+-------+


7. Specific Feature
-------------------

+-------------+------+-----------+--------+
|  Site Type  | Used | Available |  Util% |
+-------------+------+-----------+--------+
| BSCANE2     |    0 |         4 |   0.00 |
| CAPTUREE2   |    0 |         1 |   0.00 |
| DNA_PORT    |    0 |         1 |   0.00 |
| EFUSE_USR   |    0 |         1 |   0.00 |
| FRAME_ECCE2 |    0 |         1 |   0.00 |
| ICAPE2      |    0 |         2 |   0.00 |
| PCIE_2_1    |    0 |         1 |   0.00 |
| STARTUPE2   |    0 |         1 |   0.00 |
| XADC        |    1 |         1 | 100.00 |
+-------------+------+-----------+--------+


8. Primitives
-------------

+------------------------+--------+----------------------+
|        Ref Name        |  Used  |  Functional Category |
+------------------------+--------+----------------------+
| FDRE                   | 170921 |         Flop & Latch |
| LUT3                   |  39446 |                  LUT |
| LUT6                   |  38256 |                  LUT |
| FDCE                   |  36653 |         Flop & Latch |
| LUT2                   |  25641 |                  LUT |
| LUT5                   |  21763 |                  LUT |
| LUT4                   |  20909 |                  LUT |
| RAMD32                 |  10978 |   Distributed Memory |
| CARRY4                 |   8443 |           CarryLogic |
| SRL16E                 |   5625 |   Distributed Memory |
| FDPE                   |   5105 |         Flop & Latch |
| LUT1                   |   4341 |                  LUT |
| RAMS32                 |   3337 |   Distributed Memory |
| FDSE                   |   2742 |         Flop & Latch |
| SRLC32E                |   2539 |   Distributed Memory |
| MUXF7                  |   1398 |                MuxFx |
| DSP48E1                |    539 |     Block Arithmetic |
| RAMB36E1               |    430 |         Block Memory |
| BIBUF                  |    130 |                   IO |
| RAMD64E                |    128 |   Distributed Memory |
| OBUF                   |    119 |                   IO |
| MUXF8                  |    107 |                MuxFx |
| RAMB18E1               |     90 |         Block Memory |
| IBUF                   |     67 |                   IO |
| OSERDESE2              |     65 |                   IO |
| OBUFT                  |     33 |                   IO |
| OBUFT_DCIEN            |     32 |                   IO |
| ISERDESE2              |     32 |                   IO |
| IDELAYE2               |     32 |                   IO |
| IBUF_IBUFDISABLE       |     32 |                   IO |
| BUFG                   |     20 |                Clock |
| ODDR                   |     17 |                   IO |
| IDDR                   |     12 |                   IO |
| GTXE2_CHANNEL          |     12 |                   IO |
| AND2B1L                |     12 |               Others |
| IBUFDS                 |     10 |                   IO |
| PHASER_OUT_PHY         |      8 |                   IO |
| OUT_FIFO               |      8 |                   IO |
| OBUFTDS_DCIEN          |      8 |                   IO |
| IBUFDS_IBUFDISABLE_INT |      8 |                   IO |
| MMCME2_ADV             |      6 |                Clock |
| BUFH                   |      6 |                Clock |
| INV                    |      5 |                  LUT |
| BUFGCTRL               |      5 |                Clock |
| PHASER_IN_PHY          |      4 |                   IO |
| OBUFDS                 |      4 |                   IO |
| IN_FIFO                |      4 |                   IO |
| IBUFDS_GTE2            |      4 |                   IO |
| GTXE2_COMMON           |      4 |                   IO |
| PHY_CONTROL            |      2 |                   IO |
| PHASER_REF             |      2 |                   IO |
| OR2L                   |      2 |               Others |
| XADC                   |      1 |               Others |
| USR_ACCESSE2           |      1 |               Others |
| PS7                    |      1 | Specialized Resource |
| PLLE2_ADV              |      1 |                Clock |
| IDELAYCTRL             |      1 |                   IO |
| BUFR                   |      1 |                Clock |
+------------------------+--------+----------------------+


9. Black Boxes
--------------

+-------------------------------------------------------------------------------+------+
|                                    Ref Name                                   | Used |
+-------------------------------------------------------------------------------+------+
| ten_gig_eth_pcs_pmaten_gig_eth_pcs_pma_v6_0_11_rx_pcs_fsm_HD13909             |    1 |
| ten_gig_eth_pcs_pmaten_gig_eth_pcs_pma_v6_0_11_rx_decoder_HD13908             |    1 |
| ten_gig_eth_pcs_pmaten_gig_eth_pcs_pma_v6_0_11_rx_ber_mon_fsm_HD13906         |    1 |
| ten_gig_eth_pcs_pmaten_gig_eth_pcs_pma_v6_0_11_pcs_descramble_HD13905         |    1 |
| ten_gig_eth_pcs_pmaten_gig_eth_pcs_pma_v6_0_11_elastic_buffer_wrapper_HD13824 |    1 |
+-------------------------------------------------------------------------------+------+


10. Instantiated Netlists
-------------------------

+------------------------+------+
|        Ref Name        | Used |
+------------------------+------+
| fifo_short_2clk        |  135 |
| fifo_4k_2clk           |   24 |
| TdcCore                |    8 |
| axi64_4k_2clk_fifo     |    6 |
| dds_sin_cos_lut_only   |    4 |
| complex_multiplier_dds |    4 |
| axi_hb47               |    4 |
| SyncRegsIfc            |    4 |
| ten_gig_eth_pcs_pma    |    3 |
| hbdec3                 |    2 |
| hbdec2                 |    2 |
| hbdec1                 |    2 |
| hb47_2to1              |    2 |
| hb47_1to2              |    2 |
| axi_eth_dma            |    2 |
| Jesd204bXcvrCore       |    2 |
| misc_clock_gen         |    1 |
| ddr3_32bit             |    1 |
+------------------------+------+


Copyright 1986-2017 Xilinx, Inc. All Rights Reserved.
---------------------------------------------------------------------------------------------------------------------------------------
| Tool Version : Vivado v.2017.4 (lin64) Build 2086221 Fri Dec 15 20:54:30 MST 2017
| Date         : Wed Mar  6 09:34:44 2019
| Host         : mwest-desktop running 64-bit Ubuntu 18.04.2 LTS
| Command      : report_timing_summary -no_detailed_paths -file /home/mwest/git/fpgadev/usrp3/top/n3xx/build-N320_XQ/build.rpt -append
| Design       : n3xx
| Device       : 7z100-ffg900
| Speed File   : -2  PRODUCTION 1.11 2014-09-11
---------------------------------------------------------------------------------------------------------------------------------------

Timing Summary Report

------------------------------------------------------------------------------------------------
| Timer Settings
| --------------
------------------------------------------------------------------------------------------------

  Enable Multi Corner Analysis               :  Yes
  Enable Pessimism Removal                   :  Yes
  Pessimism Removal Resolution               :  Nearest Common Node
  Enable Input Delay Default Clock           :  No
  Enable Preset / Clear Arcs                 :  No
  Disable Flight Delays                      :  No
  Ignore I/O Paths                           :  No
  Timing Early Launch at Borrowing Latches   :  false

  Corner  Analyze    Analyze    
  Name    Max Paths  Min Paths  
  ------  ---------  ---------  
  Slow    Yes        Yes        
  Fast    Yes        Yes        



check_timing report

Table of Contents
-----------------
1. checking no_clock
2. checking constant_clock
3. checking pulse_width_clock
4. checking unconstrained_internal_endpoints
5. checking no_input_delay
6. checking no_output_delay
7. checking multiple_clock
8. checking generated_clocks
9. checking loops
10. checking partial_input_delay
11. checking partial_output_delay
12. checking latch_loops

1. checking no_clock
--------------------
 There are 0 register/latch pins with no clock.


2. checking constant_clock
--------------------------
 There are 0 register/latch pins with constant_clock.


3. checking pulse_width_clock
-----------------------------
 There are 0 register/latch pins which need pulse_width check


4. checking unconstrained_internal_endpoints
--------------------------------------------
 There are 0 pins that are not constrained for maximum delay.

 There are 321 pins that are not constrained for maximum delay due to constant clock. (MEDIUM)


5. checking no_input_delay
--------------------------
 There are 5 input ports with no input delay specified. (HIGH)

 There are 0 input ports with no input delay but user has a false path constraint.


6. checking no_output_delay
---------------------------
 There is 1 port with no output delay specified. (HIGH)

 There are 0 ports with no output delay but user has a false path constraint

 There are 4 ports with no output delay but with a timing clock defined on it or propagating through it (LOW)


7. checking multiple_clock
--------------------------
 There are 0 register/latch pins with multiple clocks.


8. checking generated_clocks
----------------------------
 There are 0 generated clocks that are not connected to a clock source.


9. checking loops
-----------------
 There are 0 combinational loops in the design.


10. checking partial_input_delay
--------------------------------
 There are 0 input ports with partial input delay specified.


11. checking partial_output_delay
---------------------------------
 There are 0 ports with partial output delay specified.


12. checking latch_loops
------------------------
 There are 0 combinational latch loops in the design through latch input



------------------------------------------------------------------------------------------------
| Design Timing Summary
| ---------------------
------------------------------------------------------------------------------------------------

    WNS(ns)      TNS(ns)  TNS Failing Endpoints  TNS Total Endpoints      WHS(ns)      THS(ns)  THS Failing Endpoints  THS Total Endpoints     WPWS(ns)     TPWS(ns)  TPWS Failing Endpoints  TPWS Total Endpoints  
    -------      -------  ---------------------  -------------------      -------      -------  ---------------------  -------------------     --------     --------  ----------------------  --------------------  
      0.068        0.000                      0               637381       -0.032       -0.032                      1               636933        0.001        0.000                       0                239664  


Timing constraints are not met.


------------------------------------------------------------------------------------------------
| Clock Summary
| -------------
------------------------------------------------------------------------------------------------

Clock                                                                                                                                                            Waveform(ns)         Period(ns)      Frequency(MHz)
-----                                                                                                                                                            ------------         ----------      --------------
async_in_clk                                                                                                                                                     {0.000 25.000}       50.000          20.000          
async_out_clk                                                                                                                                                    {0.000 25.000}       50.000          20.000          
bus_clk                                                                                                                                                          {0.000 2.500}        5.000           200.000         
clk100                                                                                                                                                           {0.000 5.000}        10.000          100.000         
clk40                                                                                                                                                            {0.000 12.500}       25.000          40.000          
  dba_jtag_tck                                                                                                                                                   {0.000 50.000}       100.000         10.000          
  dbb_jtag_tck                                                                                                                                                   {0.000 50.000}       100.000         10.000          
ddr3_ext_refclk                                                                                                                                                  {0.000 5.000}        10.000          100.000         
  freq_refclk_1                                                                                                                                                  {1.442 2.212}        1.538           650.000         
    u_memc_ui_top_axi/mem_intfc0/ddr_phy_top0/u_ddr_mc_phy_wrapper/u_ddr_mc_phy/ddr_phy_4lanes_0.u_ddr_phy_4lanes/ddr_byte_lane_A.ddr_byte_lane_A/iserdes_clk_1  {1.442 2.212}        1.538           650.000         
      iserdes_clkdiv_4                                                                                                                                           {1.442 2.981}        3.077           325.000         
    u_memc_ui_top_axi/mem_intfc0/ddr_phy_top0/u_ddr_mc_phy_wrapper/u_ddr_mc_phy/ddr_phy_4lanes_0.u_ddr_phy_4lanes/ddr_byte_lane_B.ddr_byte_lane_B/iserdes_clk_1  {1.442 2.212}        1.538           650.000         
      iserdes_clkdiv_5                                                                                                                                           {1.442 2.981}        3.077           325.000         
    u_memc_ui_top_axi/mem_intfc0/ddr_phy_top0/u_ddr_mc_phy_wrapper/u_ddr_mc_phy/ddr_phy_4lanes_0.u_ddr_phy_4lanes/ddr_byte_lane_C.ddr_byte_lane_C/iserdes_clk_1  {1.442 2.212}        1.538           650.000         
      iserdes_clkdiv_6                                                                                                                                           {1.442 2.981}        3.077           325.000         
    u_memc_ui_top_axi/mem_intfc0/ddr_phy_top0/u_ddr_mc_phy_wrapper/u_ddr_mc_phy/ddr_phy_4lanes_0.u_ddr_phy_4lanes/ddr_byte_lane_D.ddr_byte_lane_D/iserdes_clk_1  {1.442 2.212}        1.538           650.000         
      iserdes_clkdiv_7                                                                                                                                           {1.442 2.981}        3.077           325.000         
  mem_refclk_1                                                                                                                                                   {0.000 0.769}        1.538           650.000         
    oserdes_clk_10                                                                                                                                               {0.000 0.769}        1.538           650.000         
      oserdes_clkdiv_10                                                                                                                                          {0.000 1.538}        3.077           325.000         
    oserdes_clk_11                                                                                                                                               {0.000 0.769}        1.538           650.000         
      oserdes_clkdiv_11                                                                                                                                          {0.000 1.538}        3.077           325.000         
    oserdes_clk_12                                                                                                                                               {0.000 0.769}        1.538           650.000         
      oserdes_clkdiv_12                                                                                                                                          {0.000 3.077}        6.154           162.500         
    oserdes_clk_13                                                                                                                                               {0.000 0.769}        1.538           650.000         
      oserdes_clkdiv_13                                                                                                                                          {0.000 3.077}        6.154           162.500         
    oserdes_clk_14                                                                                                                                               {0.000 0.769}        1.538           650.000         
      oserdes_clkdiv_14                                                                                                                                          {0.000 3.077}        6.154           162.500         
    oserdes_clk_15                                                                                                                                               {0.000 0.769}        1.538           650.000         
      oserdes_clkdiv_15                                                                                                                                          {0.000 3.077}        6.154           162.500         
    oserdes_clk_8                                                                                                                                                {0.000 0.769}        1.538           650.000         
      oserdes_clkdiv_8                                                                                                                                           {0.000 1.538}        3.077           325.000         
    oserdes_clk_9                                                                                                                                                {0.000 0.769}        1.538           650.000         
      oserdes_clkdiv_9                                                                                                                                           {0.000 1.538}        3.077           325.000         
  pll_clk3_out_1                                                                                                                                                 {0.000 3.077}        6.154           162.500         
    ddr3_ui_clk                                                                                                                                                  {0.000 3.077}        6.154           162.500         
    ddr3_ui_clk_2x                                                                                                                                               {0.000 6.154}        12.308          81.250          
  pll_clkfbout_1                                                                                                                                                 {0.000 5.000}        10.000          100.000         
  sync_pulse_1                                                                                                                                                   {0.673 2.212}        24.615          40.625          
fpga_clk_a                                                                                                                                                       {0.000 2.000}        4.000           250.000         
  radio_clk                                                                                                                                                      {0.000 2.000}        4.000           250.000         
    fp_gpio_bus_clk                                                                                                                                              {0.000 4.000}        8.000           125.000         
    pl_spi_clk_a                                                                                                                                                 {0.000 20.000}       40.000          25.000          
    pl_spi_clk_b                                                                                                                                                 {0.000 20.000}       40.000          25.000          
    pl_spi_rb_clk_a                                                                                                                                              {0.000 48.000}       96.000          10.417          
    pl_spi_rb_clk_b                                                                                                                                              {0.000 48.000}       96.000          10.417          
  radio_clk_fb                                                                                                                                                   {0.000 2.000}        4.000           250.000         
fpga_clk_a_v                                                                                                                                                     {0.000 2.000}        4.000           250.000         
fpga_clk_b                                                                                                                                                       {0.000 2.000}        4.000           250.000         
  radio_clk_b                                                                                                                                                    {0.000 2.000}        4.000           250.000         
  radio_clk_b_fb                                                                                                                                                 {0.000 2.000}        4.000           250.000         
fpga_clk_b_v                                                                                                                                                     {0.000 2.000}        4.000           250.000         
ge_phy_clk                                                                                                                                                       {0.000 4.000}        8.000           125.000         
meas_clk_ref                                                                                                                                                     {0.000 3.000}        6.000           166.667         
  ddr3_dma_clk_misc_clock_gen                                                                                                                                    {0.000 1.646}        3.291           303.819         
  meas_clk                                                                                                                                                       {0.000 2.520}        5.040           198.413         
  meas_clk_fb                                                                                                                                                    {0.000 9.000}        18.000          55.556          
mgt_clk_dba                                                                                                                                                      {0.000 2.000}        4.000           250.000         
mgt_clk_dbb                                                                                                                                                      {0.000 2.000}        4.000           250.000         
net_clk                                                                                                                                                          {0.000 4.000}        8.000           125.000         
  CLKFBIN                                                                                                                                                        {0.000 4.000}        8.000           125.000         
  wr_sysclk                                                                                                                                                      {0.000 8.000}        16.000          62.500          
    wr_bus_clk                                                                                                                                                   {0.000 16.000}       32.000          31.250          
qsfp_wrapper_i/lanes[0].lane_i/mgt_io_i/ten_gige_phy_i/ten_gig_eth_pcs_pma_i/inst/gt0_gtwizard_10gbaser_multi_gt_i/gt0_gtwizard_10gbaser_i/gtxe2_i/RXOUTCLK      {0.000 1.551}        3.103           322.269         
qsfp_wrapper_i/lanes[0].lane_i/mgt_io_i/ten_gige_phy_i/ten_gig_eth_pcs_pma_i/inst/gt0_gtwizard_10gbaser_multi_gt_i/gt0_gtwizard_10gbaser_i/gtxe2_i/TXOUTCLK      {0.000 1.551}        3.103           322.269         
qsfp_wrapper_i/lanes[1].lane_i/mgt_io_i/ten_gige_phy_i/ten_gig_eth_pcs_pma_i/inst/gt0_gtwizard_10gbaser_multi_gt_i/gt0_gtwizard_10gbaser_i/gtxe2_i/RXOUTCLK      {0.000 1.551}        3.103           322.269         
qsfp_wrapper_i/lanes[1].lane_i/mgt_io_i/ten_gige_phy_i/ten_gig_eth_pcs_pma_i/inst/gt0_gtwizard_10gbaser_multi_gt_i/gt0_gtwizard_10gbaser_i/gtxe2_i/TXOUTCLK      {0.000 1.551}        3.103           322.269         
ref_clk                                                                                                                                                          {0.000 20.000}       40.000          25.000          
sfp_wrapper_1/lanes[0].lane_i/mgt_io_i/ten_gige_phy_i/ten_gig_eth_pcs_pma_i/inst/gt0_gtwizard_10gbaser_multi_gt_i/gt0_gtwizard_10gbaser_i/gtxe2_i/RXOUTCLK       {0.000 1.551}        3.103           322.269         
sfp_wrapper_1/lanes[0].lane_i/mgt_io_i/ten_gige_phy_i/ten_gig_eth_pcs_pma_i/inst/gt0_gtwizard_10gbaser_multi_gt_i/gt0_gtwizard_10gbaser_i/gtxe2_i/TXOUTCLK       {0.000 1.551}        3.103           322.269         
wr_refclk                                                                                                                                                        {0.000 25.000}       50.000          20.000          
  clk_dmtd_fb                                                                                                                                                    {0.000 25.000}       50.000          20.000          
  wr_dmtdclk                                                                                                                                                     {0.000 8.000}        16.000          62.500          
wr_rxoutclk                                                                                                                                                      {0.000 8.000}        16.000          62.500          
wr_txoutclk                                                                                                                                                      {0.000 8.000}        16.000          62.500          
xge_clk                                                                                                                                                          {0.000 3.200}        6.400           156.250         
  dclk_buf                                                                                                                                                       {0.000 6.400}        12.800          78.125          


------------------------------------------------------------------------------------------------
| Intra Clock Table
| -----------------
------------------------------------------------------------------------------------------------

Clock                                                                                                                                                                WNS(ns)      TNS(ns)  TNS Failing Endpoints  TNS Total Endpoints      WHS(ns)      THS(ns)  THS Failing Endpoints  THS Total Endpoints     WPWS(ns)     TPWS(ns)  TPWS Failing Endpoints  TPWS Total Endpoints  
-----                                                                                                                                                                -------      -------  ---------------------  -------------------      -------      -------  ---------------------  -------------------     --------     --------  ----------------------  --------------------  
bus_clk                                                                                                                                                                0.068        0.000                      0               146062        0.051        0.000                      0               146062        0.264        0.000                       0                 59762  
clk40                                                                                                                                                                  0.202        0.000                      0                89096        0.051        0.000                      0                88736       11.500        0.000                       0                 38002  
ddr3_ext_refclk                                                                                                                                                                                                                                                                                                    3.000        0.000                       0                     1  
  freq_refclk_1                                                                                                                                                                                                                                                                                                    0.287        0.000                       0                    15  
    u_memc_ui_top_axi/mem_intfc0/ddr_phy_top0/u_ddr_mc_phy_wrapper/u_ddr_mc_phy/ddr_phy_4lanes_0.u_ddr_phy_4lanes/ddr_byte_lane_A.ddr_byte_lane_A/iserdes_clk_1                                                                                                                                                    0.468        0.000                       0                    16  
      iserdes_clkdiv_4                                                                                                                                                 1.555        0.000                      0                   33        0.070        0.000                      0                   33        0.624        0.000                       0                     9  
    u_memc_ui_top_axi/mem_intfc0/ddr_phy_top0/u_ddr_mc_phy_wrapper/u_ddr_mc_phy/ddr_phy_4lanes_0.u_ddr_phy_4lanes/ddr_byte_lane_B.ddr_byte_lane_B/iserdes_clk_1                                                                                                                                                    0.468        0.000                       0                    16  
      iserdes_clkdiv_5                                                                                                                                                 1.569        0.000                      0                   33        0.070        0.000                      0                   33        0.624        0.000                       0                     9  
    u_memc_ui_top_axi/mem_intfc0/ddr_phy_top0/u_ddr_mc_phy_wrapper/u_ddr_mc_phy/ddr_phy_4lanes_0.u_ddr_phy_4lanes/ddr_byte_lane_C.ddr_byte_lane_C/iserdes_clk_1                                                                                                                                                    0.468        0.000                       0                    16  
      iserdes_clkdiv_6                                                                                                                                                 1.574        0.000                      0                   33        0.070        0.000                      0                   33        0.624        0.000                       0                     9  
    u_memc_ui_top_axi/mem_intfc0/ddr_phy_top0/u_ddr_mc_phy_wrapper/u_ddr_mc_phy/ddr_phy_4lanes_0.u_ddr_phy_4lanes/ddr_byte_lane_D.ddr_byte_lane_D/iserdes_clk_1                                                                                                                                                    0.468        0.000                       0                    16  
      iserdes_clkdiv_7                                                                                                                                                 1.561        0.000                      0                   33        0.070        0.000                      0                   33        0.624        0.000                       0                     9  
  mem_refclk_1                                                                                                                                                         0.461        0.000                      0                    2        0.324        0.000                      0                    2        0.234        0.000                       0                    15  
    oserdes_clk_10                                                                                                                                                     0.474        0.000                      0                    4        0.371        0.000                      0                    4        0.468        0.000                       0                    12  
      oserdes_clkdiv_10                                                                                                                                                2.077        0.000                      0                   36        0.066        0.000                      0                   36        0.624        0.000                       0                    11  
    oserdes_clk_11                                                                                                                                                     0.486        0.000                      0                    4        0.364        0.000                      0                    4        0.468        0.000                       0                    12  
      oserdes_clkdiv_11                                                                                                                                                1.895        0.000                      0                   36        0.062        0.000                      0                   36        0.624        0.000                       0                    11  
    oserdes_clk_12                                                                                                                                                                                                                                                                                                 0.468        0.000                       0                     1  
      oserdes_clkdiv_12                                                                                                                                                5.169        0.000                      0                    4        0.072        0.000                      0                    4        2.163        0.000                       0                     2  
    oserdes_clk_13                                                                                                                                                                                                                                                                                                 0.468        0.000                       0                     8  
      oserdes_clkdiv_13                                                                                                                                                5.159        0.000                      0                   28        0.072        0.000                      0                   28        2.163        0.000                       0                     8  
    oserdes_clk_14                                                                                                                                                                                                                                                                                                 0.468        0.000                       0                     7  
      oserdes_clkdiv_14                                                                                                                                                5.160        0.000                      0                   28        0.070        0.000                      0                   28        2.163        0.000                       0                     8  
    oserdes_clk_15                                                                                                                                                                                                                                                                                                 0.468        0.000                       0                    10  
      oserdes_clkdiv_15                                                                                                                                                4.972        0.000                      0                   40        0.062        0.000                      0                   40        2.163        0.000                       0                    11  
    oserdes_clk_8                                                                                                                                                      0.479        0.000                      0                    4        0.369        0.000                      0                    4        0.468        0.000                       0                    12  
      oserdes_clkdiv_8                                                                                                                                                 2.092        0.000                      0                   36        0.064        0.000                      0                   36        0.624        0.000                       0                    11  
    oserdes_clk_9                                                                                                                                                      0.466        0.000                      0                    4        0.375        0.000                      0                    4        0.468        0.000                       0                    12  
      oserdes_clkdiv_9                                                                                                                                                 2.082        0.000                      0                   36        0.068        0.000                      0                   36        0.624        0.000                       0                    11  
  pll_clk3_out_1                                                                                                                                                                                                                                                                                                   1.577        0.000                       0                     3  
    ddr3_ui_clk                                                                                                                                                        0.390        0.000                      0                51018        0.051        0.000                      0                51018        1.827        0.000                       0                 21268  
    ddr3_ui_clk_2x                                                                                                                                                     3.962        0.000                      0                   16        0.145        0.000                      0                   16        5.804        0.000                       0                    20  
  pll_clkfbout_1                                                                                                                                                                                                                                                                                                   8.929        0.000                       0                     2  
  sync_pulse_1                                                                                                                                                                                                                                                                                                     0.466        0.000                       0                    15  
fpga_clk_a                                                                                                                                                                                                                                                                                                         0.833        0.000                       0                     1  
  radio_clk                                                                                                                                                            0.072        0.000                      0               234650        0.051        0.000                      0               234650        0.970        0.000                       0                 83846  
  radio_clk_fb                                                                                                                                                                                                                                                                                                     2.592        0.000                       0                     3  
fpga_clk_b                                                                                                                                                                                                                                                                                                         0.833        0.000                       0                     1  
  radio_clk_b                                                                                                                                                          0.263        0.000                      0                  403        0.065        0.000                      0                  403        1.600        0.000                       0                   290  
  radio_clk_b_fb                                                                                                                                                                                                                                                                                                   2.592        0.000                       0                     3  
meas_clk_ref                                                                                                                                                                                                                                                                                                       1.500        0.000                       0                     2  
  ddr3_dma_clk_misc_clock_gen                                                                                                                                          0.139        0.000                      0                42296        0.050        0.000                      0                42296        0.878        0.000                       0                 15245  
  meas_clk                                                                                                                                                             0.296        0.000                      0                 6828        0.058        0.000                      0                 6828        2.120        0.000                       0                  3615  
  meas_clk_fb                                                                                                                                                                                                                                                                                                     16.929        0.000                       0                     2  
mgt_clk_dba                                                                                                                                                            3.567        0.000                      0                    1        0.149        0.000                      0                    1        1.600        0.000                       0                     9  
mgt_clk_dbb                                                                                                                                                            3.563        0.000                      0                    1        0.138        0.000                      0                    1        1.600        0.000                       0                     9  
net_clk                                                                                                                                                                6.300        0.000                      0                   27        0.271        0.000                      0                   27        2.000        0.000                       0                    21  
  CLKFBIN                                                                                                                                                                                                                                                                                                          6.929        0.000                       0                     2  
  wr_sysclk                                                                                                                                                            5.655        0.000                      0                11862        0.083        0.000                      0                11862        7.358        0.000                       0                  4622  
qsfp_wrapper_i/lanes[0].lane_i/mgt_io_i/ten_gige_phy_i/ten_gig_eth_pcs_pma_i/inst/gt0_gtwizard_10gbaser_multi_gt_i/gt0_gtwizard_10gbaser_i/gtxe2_i/RXOUTCLK            0.135        0.000                      0                 3799        0.068        0.000                      0                 3799        0.001        0.000                       0                  1465  
qsfp_wrapper_i/lanes[0].lane_i/mgt_io_i/ten_gige_phy_i/ten_gig_eth_pcs_pma_i/inst/gt0_gtwizard_10gbaser_multi_gt_i/gt0_gtwizard_10gbaser_i/gtxe2_i/TXOUTCLK            0.754        0.000                      0                  342        0.108        0.000                      0                  342        0.001        0.000                       0                   204  
qsfp_wrapper_i/lanes[1].lane_i/mgt_io_i/ten_gige_phy_i/ten_gig_eth_pcs_pma_i/inst/gt0_gtwizard_10gbaser_multi_gt_i/gt0_gtwizard_10gbaser_i/gtxe2_i/RXOUTCLK            0.187        0.000                      0                 3799        0.058        0.000                      0                 3799        0.001        0.000                       0                  1465  
qsfp_wrapper_i/lanes[1].lane_i/mgt_io_i/ten_gige_phy_i/ten_gig_eth_pcs_pma_i/inst/gt0_gtwizard_10gbaser_multi_gt_i/gt0_gtwizard_10gbaser_i/gtxe2_i/TXOUTCLK            0.734        0.000                      0                  342        0.108        0.000                      0                  342        0.001        0.000                       0                   204  
ref_clk                                                                                                                                                                1.120        0.000                      0                 1090        0.062        0.000                      0                 1090       19.600        0.000                       0                   797  
sfp_wrapper_1/lanes[0].lane_i/mgt_io_i/ten_gige_phy_i/ten_gig_eth_pcs_pma_i/inst/gt0_gtwizard_10gbaser_multi_gt_i/gt0_gtwizard_10gbaser_i/gtxe2_i/RXOUTCLK             0.598        0.000                      0                  487        0.108        0.000                      0                  487        0.001        0.000                       0                   256  
sfp_wrapper_1/lanes[0].lane_i/mgt_io_i/ten_gige_phy_i/ten_gig_eth_pcs_pma_i/inst/gt0_gtwizard_10gbaser_multi_gt_i/gt0_gtwizard_10gbaser_i/gtxe2_i/TXOUTCLK             0.859        0.000                      0                  322        0.108        0.000                      0                  322        0.001        0.000                       0                   191  
wr_refclk                                                                                                                                                                                                                                                                                                         15.000        0.000                       0                     2  
  clk_dmtd_fb                                                                                                                                                                                                                                                                                                     48.929        0.000                       0                     2  
  wr_dmtdclk                                                                                                                                                          12.852        0.000                      0                  412        0.115        0.000                      0                  412        7.600        0.000                       0                   193  
wr_rxoutclk                                                                                                                                                            6.978        0.000                      0                  910        0.085        0.000                      0                  910        7.600        0.000                       0                   453  
wr_txoutclk                                                                                                                                                            5.417        0.000                      0                  846        0.108        0.000                      0                  846        7.358        0.000                       0                   401  
xge_clk                                                                                                                                                                1.549        0.000                      0                13060        0.053        0.000                      0                13058        2.432        0.000                       0                  6765  
  dclk_buf                                                                                                                                                             9.261        0.000                      0                  370        0.108        0.000                      0                  370        6.000        0.000                       0                   245  


------------------------------------------------------------------------------------------------
| Inter Clock Table
| -----------------
------------------------------------------------------------------------------------------------

From Clock                                                                                                                                                   To Clock                                                                                                                                                         WNS(ns)      TNS(ns)  TNS Failing Endpoints  TNS Total Endpoints      WHS(ns)      THS(ns)  THS Failing Endpoints  THS Total Endpoints  
----------                                                                                                                                                   --------                                                                                                                                                         -------      -------  ---------------------  -------------------      -------      -------  ---------------------  -------------------  
                                                                                                                                                             async_out_clk                                                                                                                                                     40.140        0.000                      0                   10        1.288        0.000                      0                   10  
bus_clk                                                                                                                                                      async_out_clk                                                                                                                                                     37.909        0.000                      0                    4        3.715        0.000                      0                    4  
clk40                                                                                                                                                        async_out_clk                                                                                                                                                     37.302        0.000                      0                    4        3.342        0.000                      0                    4  
radio_clk                                                                                                                                                    async_out_clk                                                                                                                                                     45.027        0.000                      0                   20        0.903        0.000                      0                   20  
fp_gpio_bus_clk                                                                                                                                              async_out_clk                                                                                                                                                     45.162        0.000                      0                    1        3.880        0.000                      0                    1  
radio_clk_b                                                                                                                                                  async_out_clk                                                                                                                                                     47.981        0.000                      0                    2        0.357        0.000                      0                    2  
wr_sysclk                                                                                                                                                    async_out_clk                                                                                                                                                     29.384        0.000                      0                    4        8.486        0.000                      0                    4  
wr_bus_clk                                                                                                                                                   async_out_clk                                                                                                                                                     32.391        0.000                      0                    1        8.486        0.000                      0                    1  
ref_clk                                                                                                                                                      async_out_clk                                                                                                                                                     41.943        0.000                      0                    2        3.702        0.000                      0                    2  
sfp_wrapper_1/lanes[0].lane_i/mgt_io_i/ten_gige_phy_i/ten_gig_eth_pcs_pma_i/inst/gt0_gtwizard_10gbaser_multi_gt_i/gt0_gtwizard_10gbaser_i/gtxe2_i/TXOUTCLK   async_out_clk                                                                                                                                                     35.110        0.000                      0                    1        8.316        0.000                      0                    1  
dba_jtag_tck                                                                                                                                                 clk40                                                                                                                                                             12.609        0.000                      0                   32       57.246        0.000                      0                   32  
dbb_jtag_tck                                                                                                                                                 clk40                                                                                                                                                             11.978        0.000                      0                   32       56.953        0.000                      0                   32  
clk40                                                                                                                                                        dba_jtag_tck                                                                                                                                                       1.583        0.000                      0                    2        0.580        0.000                      0                    2  
clk40                                                                                                                                                        dbb_jtag_tck                                                                                                                                                       0.973        0.000                      0                    2       -0.032       -0.032                      1                    2  
ddr3_ui_clk                                                                                                                                                  u_memc_ui_top_axi/mem_intfc0/ddr_phy_top0/u_ddr_mc_phy_wrapper/u_ddr_mc_phy/ddr_phy_4lanes_0.u_ddr_phy_4lanes/ddr_byte_lane_A.ddr_byte_lane_A/iserdes_clk_1        4.915        0.000                      0                    8       23.221        0.000                      0                    8  
ddr3_ui_clk                                                                                                                                                  u_memc_ui_top_axi/mem_intfc0/ddr_phy_top0/u_ddr_mc_phy_wrapper/u_ddr_mc_phy/ddr_phy_4lanes_0.u_ddr_phy_4lanes/ddr_byte_lane_B.ddr_byte_lane_B/iserdes_clk_1        4.038        0.000                      0                    8       23.646        0.000                      0                    8  
ddr3_ui_clk                                                                                                                                                  u_memc_ui_top_axi/mem_intfc0/ddr_phy_top0/u_ddr_mc_phy_wrapper/u_ddr_mc_phy/ddr_phy_4lanes_0.u_ddr_phy_4lanes/ddr_byte_lane_C.ddr_byte_lane_C/iserdes_clk_1        3.055        0.000                      0                    8       24.220        0.000                      0                    8  
ddr3_ui_clk                                                                                                                                                  u_memc_ui_top_axi/mem_intfc0/ddr_phy_top0/u_ddr_mc_phy_wrapper/u_ddr_mc_phy/ddr_phy_4lanes_0.u_ddr_phy_4lanes/ddr_byte_lane_D.ddr_byte_lane_D/iserdes_clk_1        2.261        0.000                      0                    8       24.782        0.000                      0                    8  
sync_pulse_1                                                                                                                                                 mem_refclk_1                                                                                                                                                       0.375        0.000                      0                    2        0.200        0.000                      0                    2  
oserdes_clk_10                                                                                                                                               oserdes_clkdiv_10                                                                                                                                                  0.789        0.000                      0                   15        0.075        0.000                      0                   15  
oserdes_clk_11                                                                                                                                               oserdes_clkdiv_11                                                                                                                                                  0.678        0.000                      0                   15        0.094        0.000                      0                   15  
oserdes_clk_12                                                                                                                                               oserdes_clkdiv_12                                                                                                                                                  0.789        0.000                      0                    2        0.094        0.000                      0                    2  
oserdes_clk_13                                                                                                                                               oserdes_clkdiv_13                                                                                                                                                  0.789        0.000                      0                    8        0.091        0.000                      0                    8  
oserdes_clk_14                                                                                                                                               oserdes_clkdiv_14                                                                                                                                                  0.789        0.000                      0                    8        0.093        0.000                      0                    8  
oserdes_clk_15                                                                                                                                               oserdes_clkdiv_15                                                                                                                                                  0.597        0.000                      0                   11        0.094        0.000                      0                   11  
oserdes_clk_8                                                                                                                                                oserdes_clkdiv_8                                                                                                                                                   0.789        0.000                      0                   15        0.073        0.000                      0                   15  
oserdes_clk_9                                                                                                                                                oserdes_clkdiv_9                                                                                                                                                   0.789        0.000                      0                   15        0.077        0.000                      0                   15  
ddr3_ui_clk_2x                                                                                                                                               ddr3_ui_clk                                                                                                                                                        3.845        0.000                      0                    5        0.118        0.000                      0                    5  
ddr3_ui_clk                                                                                                                                                  ddr3_ui_clk_2x                                                                                                                                                     4.052        0.000                      0                    1        0.194        0.000                      0                    1  
fp_gpio_bus_clk                                                                                                                                              radio_clk                                                                                                                                                         39.408        0.000                      0                    1        5.597        0.000                      0                    1  
pl_spi_rb_clk_a                                                                                                                                              radio_clk                                                                                                                                                         17.309        0.000                      0                    1        3.769        0.000                      0                    1  
pl_spi_rb_clk_b                                                                                                                                              radio_clk                                                                                                                                                         18.039        0.000                      0                    1        3.204        0.000                      0                    1  
fpga_clk_a_v                                                                                                                                                 radio_clk                                                                                                                                                          0.831        0.000                      0                    1        0.166        0.000                      0                    1  
radio_clk_b                                                                                                                                                  radio_clk                                                                                                                                                          1.131        0.000                      0                    1        0.845        0.000                      0                    1  
radio_clk                                                                                                                                                    fp_gpio_bus_clk                                                                                                                                                    2.019        0.000                      0                   11        2.116        0.000                      0                   11  
radio_clk                                                                                                                                                    pl_spi_clk_a                                                                                                                                                       1.732        0.000                      0                    5        1.124        0.000                      0                    5  
radio_clk                                                                                                                                                    pl_spi_clk_b                                                                                                                                                       1.893        0.000                      0                    5        1.153        0.000                      0                    5  
radio_clk                                                                                                                                                    fpga_clk_a_v                                                                                                                                                       0.282        0.000                      0                    1        0.587        0.000                      0                    1  
fpga_clk_b_v                                                                                                                                                 radio_clk_b                                                                                                                                                        0.649        0.000                      0                    1        0.196        0.000                      0                    1  
async_in_clk                                                                                                                                                 net_clk                                                                                                                                                           44.950        0.000                      0                    1        2.378        0.000                      0                    1  
wr_sysclk                                                                                                                                                    net_clk                                                                                                                                                            0.702        0.000                      0                    1        2.903        0.000                      0                    1  
async_in_clk                                                                                                                                                 wr_sysclk                                                                                                                                                         42.075        0.000                      0                    2        1.924        0.000                      0                    2  
net_clk                                                                                                                                                      wr_sysclk                                                                                                                                                          2.459        0.000                      0                    1        1.810        0.000                      0                    1  
wr_sysclk                                                                                                                                                    wr_bus_clk                                                                                                                                                         0.451        0.000                      0                    2        0.469        0.000                      0                    2  
dclk_buf                                                                                                                                                     xge_clk                                                                                                                                                            2.189        0.000                      0                   32                                                                        
xge_clk                                                                                                                                                      dclk_buf                                                                                                                                                           2.071        0.000                      0                   52                                                                        


------------------------------------------------------------------------------------------------
| Other Path Groups Table
| -----------------------
------------------------------------------------------------------------------------------------

Path Group                                                                                                                                                   From Clock                                                                                                                                                   To Clock                                                                                                                                                         WNS(ns)      TNS(ns)  TNS Failing Endpoints  TNS Total Endpoints      WHS(ns)      THS(ns)  THS Failing Endpoints  THS Total Endpoints  
----------                                                                                                                                                   ----------                                                                                                                                                   --------                                                                                                                                                         -------      -------  ---------------------  -------------------      -------      -------  ---------------------  -------------------  
**async_default**                                                                                                                                            bus_clk                                                                                                                                                      bus_clk                                                                                                                                                            0.765        0.000                      0                11904        0.096        0.000                      0                11904  
**async_default**                                                                                                                                            clk40                                                                                                                                                        clk40                                                                                                                                                              0.223        0.000                      0                 5513        0.114        0.000                      0                 5513  
**async_default**                                                                                                                                            ddr3_dma_clk_misc_clock_gen                                                                                                                                  ddr3_dma_clk_misc_clock_gen                                                                                                                                        0.448        0.000                      0                 1639        0.129        0.000                      0                 1639  
**async_default**                                                                                                                                            ddr3_ui_clk                                                                                                                                                  ddr3_ui_clk                                                                                                                                                        3.169        0.000                      0                  499        0.127        0.000                      0                  499  
**async_default**                                                                                                                                            net_clk                                                                                                                                                      net_clk                                                                                                                                                            6.913        0.000                      0                    8        0.394        0.000                      0                    8  
**async_default**                                                                                                                                            qsfp_wrapper_i/lanes[0].lane_i/mgt_io_i/ten_gige_phy_i/ten_gig_eth_pcs_pma_i/inst/gt0_gtwizard_10gbaser_multi_gt_i/gt0_gtwizard_10gbaser_i/gtxe2_i/TXOUTCLK  qsfp_wrapper_i/lanes[0].lane_i/mgt_io_i/ten_gige_phy_i/ten_gig_eth_pcs_pma_i/inst/gt0_gtwizard_10gbaser_multi_gt_i/gt0_gtwizard_10gbaser_i/gtxe2_i/TXOUTCLK        2.302        0.000                      0                    1        0.270        0.000                      0                    1  
**async_default**                                                                                                                                            qsfp_wrapper_i/lanes[1].lane_i/mgt_io_i/ten_gige_phy_i/ten_gig_eth_pcs_pma_i/inst/gt0_gtwizard_10gbaser_multi_gt_i/gt0_gtwizard_10gbaser_i/gtxe2_i/TXOUTCLK  qsfp_wrapper_i/lanes[1].lane_i/mgt_io_i/ten_gige_phy_i/ten_gig_eth_pcs_pma_i/inst/gt0_gtwizard_10gbaser_multi_gt_i/gt0_gtwizard_10gbaser_i/gtxe2_i/TXOUTCLK        2.207        0.000                      0                    1        0.345        0.000                      0                    1  
**async_default**                                                                                                                                            radio_clk                                                                                                                                                    radio_clk                                                                                                                                                          1.029        0.000                      0                 5592        0.079        0.000                      0                 5592  
**async_default**                                                                                                                                            sfp_wrapper_1/lanes[0].lane_i/mgt_io_i/ten_gige_phy_i/ten_gig_eth_pcs_pma_i/inst/gt0_gtwizard_10gbaser_multi_gt_i/gt0_gtwizard_10gbaser_i/gtxe2_i/TXOUTCLK   sfp_wrapper_1/lanes[0].lane_i/mgt_io_i/ten_gige_phy_i/ten_gig_eth_pcs_pma_i/inst/gt0_gtwizard_10gbaser_multi_gt_i/gt0_gtwizard_10gbaser_i/gtxe2_i/TXOUTCLK         2.221        0.000                      0                    1        0.344        0.000                      0                    1  
**async_default**                                                                                                                                            wr_rxoutclk                                                                                                                                                  wr_rxoutclk                                                                                                                                                        7.581        0.000                      0                   95        0.642        0.000                      0                   95  
**async_default**                                                                                                                                            wr_sysclk                                                                                                                                                    wr_sysclk                                                                                                                                                          6.331        0.000                      0                 1245        1.144        0.000                      0                 1245  
**async_default**                                                                                                                                            wr_txoutclk                                                                                                                                                  wr_txoutclk                                                                                                                                                        5.796        0.000                      0                   49        0.626        0.000                      0                   49  
**async_default**                                                                                                                                            xge_clk                                                                                                                                                      xge_clk                                                                                                                                                            1.602        0.000                      0                 2090        0.771        0.000                      0                 2090  
**default**                                                                                                                                                                                                                                                                                                                                                                                                                                                                                  1.734        0.000                      0                   14        0.332        0.000                      0                   14  
**default**                                                                                                                                                  ddr3_ui_clk                                                                                                                                                                                                                                                                                                                     0.544        0.000                      0                    2                                                                        
**default**                                                                                                                                                  input port clock                                                                                                                                                                                                                                                                                                                0.313        0.000                      0                    2        0.274        0.000                      0                    2  


