Copyright 1986-2017 Xilinx, Inc. All Rights Reserved.
--------------------------------------------------------------------------------------------------------------------------------------------------------------
| Tool Version : Vivado v.2017.4 (lin64) Build 2086221 Fri Dec 15 20:54:30 MST 2017
| Date         : Thu Aug 15 16:54:09 2019
| Host         : jane running 64-bit Ubuntu 14.04.5 LTS
| Command      : report_utilization -omit_locs -file /home/build-farm/buildbot/fpga_worker/build_FPGA_N320_AQ/work/src/usrp3/top/n3xx/build-N320_AQ/build.rpt
| Design       : n3xx
| Device       : 7z100ffg900-2
| Design State : Routed
--------------------------------------------------------------------------------------------------------------------------------------------------------------

Utilization Design Information

Table of Contents
-----------------
1. Slice Logic
1.1 Summary of Registers by Type
2. Slice Logic Distribution
3. Memory
4. DSP
5. IO and GT Specific
6. Clocking
7. Specific Feature
8. Primitives
9. Black Boxes
10. Instantiated Netlists

1. Slice Logic
--------------

+----------------------------+--------+-----------+-------+
|          Site Type         |  Used  | Available | Util% |
+----------------------------+--------+-----------+-------+
| Slice LUTs                 | 135261 |    277400 | 48.76 |
|   LUT as Logic             | 120287 |    277400 | 43.36 |
|   LUT as Memory            |  14974 |    108200 | 13.84 |
|     LUT as Distributed RAM |   7406 |           |       |
|     LUT as Shift Register  |   7568 |           |       |
| Slice Registers            | 215480 |    554800 | 38.84 |
|   Register as Flip Flop    | 215466 |    554800 | 38.84 |
|   Register as Latch        |      0 |    554800 |  0.00 |
|   Register as AND/OR       |     14 |    554800 | <0.01 |
| F7 Muxes                   |   1309 |    138700 |  0.94 |
| F8 Muxes                   |     69 |     69350 |  0.10 |
+----------------------------+--------+-----------+-------+


1.1 Summary of Registers by Type
--------------------------------

+--------+--------------+-------------+--------------+
|  Total | Clock Enable | Synchronous | Asynchronous |
+--------+--------------+-------------+--------------+
| 14     |            _ |           - |            - |
| 0      |            _ |           - |          Set |
| 0      |            _ |           - |        Reset |
| 0      |            _ |         Set |            - |
| 0      |            _ |       Reset |            - |
| 0      |          Yes |           - |            - |
| 5038   |          Yes |           - |          Set |
| 31655  |          Yes |           - |        Reset |
| 3104   |          Yes |         Set |            - |
| 175677 |          Yes |       Reset |            - |
+--------+--------------+-------------+--------------+


2. Slice Logic Distribution
---------------------------

+-------------------------------------------+--------+-----------+-------+
|                 Site Type                 |  Used  | Available | Util% |
+-------------------------------------------+--------+-----------+-------+
| Slice                                     |  61370 |     69350 | 88.49 |
|   SLICEL                                  |  37238 |           |       |
|   SLICEM                                  |  24132 |           |       |
| LUT as Logic                              | 120287 |    277400 | 43.36 |
|   using O5 output only                    |     11 |           |       |
|   using O6 output only                    |  94286 |           |       |
|   using O5 and O6                         |  25990 |           |       |
| LUT as Memory                             |  14974 |    108200 | 13.84 |
|   LUT as Distributed RAM                  |   7406 |           |       |
|     using O5 output only                  |      0 |           |       |
|     using O6 output only                  |    270 |           |       |
|     using O5 and O6                       |   7136 |           |       |
|   LUT as Shift Register                   |   7568 |           |       |
|     using O5 output only                  |   3806 |           |       |
|     using O6 output only                  |   2808 |           |       |
|     using O5 and O6                       |    954 |           |       |
| LUT Flip Flop Pairs                       |  65868 |    277400 | 23.74 |
|   fully used LUT-FF pairs                 |  17163 |           |       |
|   LUT-FF pairs with one unused LUT output |  46371 |           |       |
|   LUT-FF pairs with one unused Flip Flop  |  41480 |           |       |
| Unique Control Sets                       |   7460 |           |       |
+-------------------------------------------+--------+-----------+-------+
* Note: Review the Control Sets Report for more information regarding control sets.


3. Memory
---------

+-------------------+------+-----------+-------+
|     Site Type     | Used | Available | Util% |
+-------------------+------+-----------+-------+
| Block RAM Tile    |  426 |       755 | 56.42 |
|   RAMB36/FIFO*    |  386 |       755 | 51.13 |
|     FIFO36E1 only |    4 |           |       |
|     RAMB36E1 only |  382 |           |       |
|   RAMB18          |   80 |      1510 |  5.30 |
|     RAMB18E1 only |   80 |           |       |
+-------------------+------+-----------+-------+
* Note: Each Block RAM Tile only has one FIFO logic available and therefore can accommodate only one FIFO36E1 or one FIFO18E1. However, if a FIFO18E1 occupies a Block RAM Tile, that tile can still accommodate a RAMB18E1


4. DSP
------

+----------------+------+-----------+-------+
|    Site Type   | Used | Available | Util% |
+----------------+------+-----------+-------+
| DSPs           |  536 |      2020 | 26.53 |
|   DSP48E1 only |  536 |           |       |
+----------------+------+-----------+-------+


5. IO and GT Specific
---------------------

+-----------------------------+------+-----------+--------+
|          Site Type          | Used | Available |  Util% |
+-----------------------------+------+-----------+--------+
| Bonded IOB                  |  205 |       362 |  56.63 |
|   IOB Master Pads           |  103 |           |        |
|   IOB Slave Pads            |  102 |           |        |
|   IOB Flip Flops            |    8 |           |        |
| Bonded IPADs                |   36 |        50 |  72.00 |
| Bonded OPADs                |   28 |        32 |  87.50 |
| Bonded IOPADs               |  130 |       130 | 100.00 |
| PHY_CONTROL                 |    2 |         8 |  25.00 |
| PHASER_REF                  |    2 |         8 |  25.00 |
| OUT_FIFO                    |    8 |        32 |  25.00 |
| IN_FIFO                     |    4 |        32 |  12.50 |
| IDELAYCTRL                  |    1 |         8 |  12.50 |
| IBUFDS                      |   10 |       348 |   2.87 |
| GTXE2_COMMON                |    4 |         4 | 100.00 |
| GTXE2_CHANNEL               |   14 |        16 |  87.50 |
| PHASER_OUT/PHASER_OUT_PHY   |    8 |        32 |  25.00 |
|   PHASER_OUT_PHY only       |    8 |           |        |
| PHASER_IN/PHASER_IN_PHY     |    4 |        32 |  12.50 |
|   PHASER_IN_PHY only        |    4 |           |        |
| IDELAYE2/IDELAYE2_FINEDELAY |   32 |       400 |   8.00 |
|   IDELAYE2 only             |   32 |           |        |
| ODELAYE2/ODELAYE2_FINEDELAY |    0 |       150 |   0.00 |
| IBUFDS_GTE2                 |    4 |         8 |  50.00 |
| ILOGIC                      |   42 |       362 |  11.60 |
|   IFF_Register              |    2 |           |        |
|   IFF_IDDR_Register         |    8 |           |        |
|   ISERDES                   |   32 |       362 |        |
| OLOGIC                      |   80 |       362 |  22.10 |
|   OUTFF_Register            |    6 |           |        |
|   OUTFF_ODDR_Register       |    9 |           |        |
|   TFF_ODDR_Register         |    4 |           |        |
|   OSERDES                   |   65 |       362 |        |
+-----------------------------+------+-----------+--------+


6. Clocking
-----------

+------------+------+-----------+-------+
|  Site Type | Used | Available | Util% |
+------------+------+-----------+-------+
| BUFGCTRL   |   25 |        32 | 78.13 |
| BUFIO      |    0 |        32 |  0.00 |
| MMCME2_ADV |    5 |         8 | 62.50 |
| PLLE2_ADV  |    1 |         8 | 12.50 |
| BUFMRCE    |    0 |        16 |  0.00 |
| BUFHCE     |    5 |       168 |  2.98 |
| BUFR       |    1 |        32 |  3.13 |
+------------+------+-----------+-------+


7. Specific Feature
-------------------

+-------------+------+-----------+--------+
|  Site Type  | Used | Available |  Util% |
+-------------+------+-----------+--------+
| BSCANE2     |    0 |         4 |   0.00 |
| CAPTUREE2   |    0 |         1 |   0.00 |
| DNA_PORT    |    0 |         1 |   0.00 |
| EFUSE_USR   |    0 |         1 |   0.00 |
| FRAME_ECCE2 |    0 |         1 |   0.00 |
| ICAPE2      |    0 |         2 |   0.00 |
| PCIE_2_1    |    0 |         1 |   0.00 |
| STARTUPE2   |    0 |         1 |   0.00 |
| XADC        |    1 |         1 | 100.00 |
+-------------+------+-----------+--------+


8. Primitives
-------------

+------------------------+--------+----------------------+
|        Ref Name        |  Used  |  Functional Category |
+------------------------+--------+----------------------+
| FDRE                   | 175677 |         Flop & Latch |
| LUT3                   |  39514 |                  LUT |
| LUT6                   |  36980 |                  LUT |
| FDCE                   |  31655 |         Flop & Latch |
| LUT2                   |  24513 |                  LUT |
| LUT5                   |  21014 |                  LUT |
| LUT4                   |  19847 |                  LUT |
| RAMD32                 |  11104 |   Distributed Memory |
| CARRY4                 |   8404 |           CarryLogic |
| SRL16E                 |   5943 |   Distributed Memory |
| FDPE                   |   5038 |         Flop & Latch |
| LUT1                   |   4409 |                  LUT |
| RAMS32                 |   3310 |   Distributed Memory |
| FDSE                   |   3104 |         Flop & Latch |
| SRLC32E                |   2579 |   Distributed Memory |
| MUXF7                  |   1309 |                MuxFx |
| DSP48E1                |    536 |     Block Arithmetic |
| RAMB36E1               |    382 |         Block Memory |
| BIBUF                  |    130 |                   IO |
| RAMD64E                |    128 |   Distributed Memory |
| OBUF                   |    127 |                   IO |
| RAMB18E1               |     80 |         Block Memory |
| MUXF8                  |     69 |                MuxFx |
| OSERDESE2              |     65 |                   IO |
| IBUF                   |     65 |                   IO |
| OBUFT_DCIEN            |     32 |                   IO |
| ISERDESE2              |     32 |                   IO |
| IDELAYE2               |     32 |                   IO |
| IBUF_IBUFDISABLE       |     32 |                   IO |
| OBUFT                  |     29 |                   IO |
| BUFG                   |     16 |                Clock |
| GTXE2_CHANNEL          |     14 |                   IO |
| ODDR                   |     13 |                   IO |
| AND2B1L                |     12 |               Others |
| IBUFDS                 |     10 |                   IO |
| BUFGCTRL               |      9 |                Clock |
| PHASER_OUT_PHY         |      8 |                   IO |
| OUT_FIFO               |      8 |                   IO |
| OBUFTDS_DCIEN          |      8 |                   IO |
| IDDR                   |      8 |                   IO |
| IBUFDS_IBUFDISABLE_INT |      8 |                   IO |
| MMCME2_ADV             |      5 |                Clock |
| INV                    |      5 |                  LUT |
| BUFH                   |      5 |                Clock |
| PHASER_IN_PHY          |      4 |                   IO |
| OBUFDS                 |      4 |                   IO |
| IN_FIFO                |      4 |                   IO |
| IBUFDS_GTE2            |      4 |                   IO |
| GTXE2_COMMON           |      4 |                   IO |
| FIFO36E1               |      4 |         Block Memory |
| PHY_CONTROL            |      2 |                   IO |
| PHASER_REF             |      2 |                   IO |
| OR2L                   |      2 |               Others |
| XADC                   |      1 |               Others |
| USR_ACCESSE2           |      1 |               Others |
| PS7                    |      1 | Specialized Resource |
| PLLE2_ADV              |      1 |                Clock |
| IDELAYCTRL             |      1 |                   IO |
| BUFR                   |      1 |                Clock |
+------------------------+--------+----------------------+


9. Black Boxes
--------------

+----------+------+
| Ref Name | Used |
+----------+------+


10. Instantiated Netlists
-------------------------

+------------------------+------+
|        Ref Name        | Used |
+------------------------+------+
| fifo_short_2clk        |  139 |
| fifo_4k_2clk           |   24 |
| axi64_4k_2clk_fifo     |   12 |
| dds_sin_cos_lut_only   |    4 |
| complex_multiplier_dds |    4 |
| axi_hb47               |    4 |
| aurora_64b66b_pcs_pma  |    4 |
| TdcCore                |    4 |
| ten_gig_eth_pcs_pma    |    2 |
| hbdec3                 |    2 |
| hbdec2                 |    2 |
| hbdec1                 |    2 |
| hb47_2to1              |    2 |
| hb47_1to2              |    2 |
| axi_eth_dma            |    2 |
| SyncRegsIfc            |    2 |
| Jesd204bXcvrCore       |    2 |
| misc_clock_gen         |    1 |
| ddr3_32bit             |    1 |
+------------------------+------+


Copyright 1986-2017 Xilinx, Inc. All Rights Reserved.
---------------------------------------------------------------------------------------------------------------------------------------------------------------------------------
| Tool Version : Vivado v.2017.4 (lin64) Build 2086221 Fri Dec 15 20:54:30 MST 2017
| Date         : Thu Aug 15 16:54:37 2019
| Host         : jane running 64-bit Ubuntu 14.04.5 LTS
| Command      : report_timing_summary -no_detailed_paths -file /home/build-farm/buildbot/fpga_worker/build_FPGA_N320_AQ/work/src/usrp3/top/n3xx/build-N320_AQ/build.rpt -append
| Design       : n3xx
| Device       : 7z100-ffg900
| Speed File   : -2  PRODUCTION 1.11 2014-09-11
---------------------------------------------------------------------------------------------------------------------------------------------------------------------------------

Timing Summary Report

------------------------------------------------------------------------------------------------
| Timer Settings
| --------------
------------------------------------------------------------------------------------------------

  Enable Multi Corner Analysis               :  Yes
  Enable Pessimism Removal                   :  Yes
  Pessimism Removal Resolution               :  Nearest Common Node
  Enable Input Delay Default Clock           :  No
  Enable Preset / Clear Arcs                 :  No
  Disable Flight Delays                      :  No
  Ignore I/O Paths                           :  No
  Timing Early Launch at Borrowing Latches   :  false

  Corner  Analyze    Analyze    
  Name    Max Paths  Min Paths  
  ------  ---------  ---------  
  Slow    Yes        Yes        
  Fast    Yes        Yes        



check_timing report

Table of Contents
-----------------
1. checking no_clock
2. checking constant_clock
3. checking pulse_width_clock
4. checking unconstrained_internal_endpoints
5. checking no_input_delay
6. checking no_output_delay
7. checking multiple_clock
8. checking generated_clocks
9. checking loops
10. checking partial_input_delay
11. checking partial_output_delay
12. checking latch_loops

1. checking no_clock
--------------------
 There are 0 register/latch pins with no clock.


2. checking constant_clock
--------------------------
 There are 0 register/latch pins with constant_clock.


3. checking pulse_width_clock
-----------------------------
 There is 1 register/latch pin which need pulse_width check. (LOW)


4. checking unconstrained_internal_endpoints
--------------------------------------------
 There are 0 pins that are not constrained for maximum delay.

 There are 3 pins that are not constrained for maximum delay due to constant clock. (MEDIUM)


5. checking no_input_delay
--------------------------
 There are 4 input ports with no input delay specified. (HIGH)

 There are 0 input ports with no input delay but user has a false path constraint.


6. checking no_output_delay
---------------------------
 There is 1 port with no output delay specified. (HIGH)

 There are 0 ports with no output delay but user has a false path constraint

 There are 4 ports with no output delay but with a timing clock defined on it or propagating through it (LOW)


7. checking multiple_clock
--------------------------
 There are 0 register/latch pins with multiple clocks.


8. checking generated_clocks
----------------------------
 There are 0 generated clocks that are not connected to a clock source.


9. checking loops
-----------------
 There are 0 combinational loops in the design.


10. checking partial_input_delay
--------------------------------
 There are 0 input ports with partial input delay specified.


11. checking partial_output_delay
---------------------------------
 There are 0 ports with partial output delay specified.


12. checking latch_loops
------------------------
 There are 0 combinational latch loops in the design through latch input



------------------------------------------------------------------------------------------------
| Design Timing Summary
| ---------------------
------------------------------------------------------------------------------------------------

    WNS(ns)      TNS(ns)  TNS Failing Endpoints  TNS Total Endpoints      WHS(ns)      THS(ns)  THS Failing Endpoints  THS Total Endpoints     WPWS(ns)     TPWS(ns)  TPWS Failing Endpoints  TPWS Total Endpoints  
    -------      -------  ---------------------  -------------------      -------      -------  ---------------------  -------------------     --------     --------  ----------------------  --------------------  
      0.085        0.000                      0               637884        0.050        0.000                      0               637436        0.001        0.000                       0                240501  


All user specified timing constraints are met.


------------------------------------------------------------------------------------------------
| Clock Summary
| -------------
------------------------------------------------------------------------------------------------

Clock                                                                                                                                                                                               Waveform(ns)         Period(ns)      Frequency(MHz)
-----                                                                                                                                                                                               ------------         ----------      --------------
async_in_clk                                                                                                                                                                                        {0.000 25.000}       50.000          20.000          
async_out_clk                                                                                                                                                                                       {0.000 25.000}       50.000          20.000          
bus_clk                                                                                                                                                                                             {0.000 2.500}        5.000           200.000         
clk100                                                                                                                                                                                              {0.000 5.000}        10.000          100.000         
clk40                                                                                                                                                                                               {0.000 12.500}       25.000          40.000          
  dba_jtag_tck                                                                                                                                                                                      {0.000 50.000}       100.000         10.000          
  dbb_jtag_tck                                                                                                                                                                                      {0.000 50.000}       100.000         10.000          
ddr3_ext_refclk                                                                                                                                                                                     {0.000 5.000}        10.000          100.000         
  freq_refclk_1                                                                                                                                                                                     {1.442 2.212}        1.538           650.000         
    u_memc_ui_top_axi/mem_intfc0/ddr_phy_top0/u_ddr_mc_phy_wrapper/u_ddr_mc_phy/ddr_phy_4lanes_0.u_ddr_phy_4lanes/ddr_byte_lane_A.ddr_byte_lane_A/iserdes_clk_1                                     {1.442 2.212}        1.538           650.000         
      iserdes_clkdiv_4                                                                                                                                                                              {1.442 2.981}        3.077           325.000         
    u_memc_ui_top_axi/mem_intfc0/ddr_phy_top0/u_ddr_mc_phy_wrapper/u_ddr_mc_phy/ddr_phy_4lanes_0.u_ddr_phy_4lanes/ddr_byte_lane_B.ddr_byte_lane_B/iserdes_clk_1                                     {1.442 2.212}        1.538           650.000         
      iserdes_clkdiv_5                                                                                                                                                                              {1.442 2.981}        3.077           325.000         
    u_memc_ui_top_axi/mem_intfc0/ddr_phy_top0/u_ddr_mc_phy_wrapper/u_ddr_mc_phy/ddr_phy_4lanes_0.u_ddr_phy_4lanes/ddr_byte_lane_C.ddr_byte_lane_C/iserdes_clk_1                                     {1.442 2.212}        1.538           650.000         
      iserdes_clkdiv_6                                                                                                                                                                              {1.442 2.981}        3.077           325.000         
    u_memc_ui_top_axi/mem_intfc0/ddr_phy_top0/u_ddr_mc_phy_wrapper/u_ddr_mc_phy/ddr_phy_4lanes_0.u_ddr_phy_4lanes/ddr_byte_lane_D.ddr_byte_lane_D/iserdes_clk_1                                     {1.442 2.212}        1.538           650.000         
      iserdes_clkdiv_7                                                                                                                                                                              {1.442 2.981}        3.077           325.000         
  mem_refclk_1                                                                                                                                                                                      {0.000 0.769}        1.538           650.000         
    oserdes_clk_10                                                                                                                                                                                  {0.000 0.769}        1.538           650.000         
      oserdes_clkdiv_10                                                                                                                                                                             {0.000 1.538}        3.077           325.000         
    oserdes_clk_11                                                                                                                                                                                  {0.000 0.769}        1.538           650.000         
      oserdes_clkdiv_11                                                                                                                                                                             {0.000 1.538}        3.077           325.000         
    oserdes_clk_12                                                                                                                                                                                  {0.000 0.769}        1.538           650.000         
      oserdes_clkdiv_12                                                                                                                                                                             {0.000 3.077}        6.154           162.500         
    oserdes_clk_13                                                                                                                                                                                  {0.000 0.769}        1.538           650.000         
      oserdes_clkdiv_13                                                                                                                                                                             {0.000 3.077}        6.154           162.500         
    oserdes_clk_14                                                                                                                                                                                  {0.000 0.769}        1.538           650.000         
      oserdes_clkdiv_14                                                                                                                                                                             {0.000 3.077}        6.154           162.500         
    oserdes_clk_15                                                                                                                                                                                  {0.000 0.769}        1.538           650.000         
      oserdes_clkdiv_15                                                                                                                                                                             {0.000 3.077}        6.154           162.500         
    oserdes_clk_8                                                                                                                                                                                   {0.000 0.769}        1.538           650.000         
      oserdes_clkdiv_8                                                                                                                                                                              {0.000 1.538}        3.077           325.000         
    oserdes_clk_9                                                                                                                                                                                   {0.000 0.769}        1.538           650.000         
      oserdes_clkdiv_9                                                                                                                                                                              {0.000 1.538}        3.077           325.000         
  pll_clk3_out_1                                                                                                                                                                                    {0.000 3.077}        6.154           162.500         
    ddr3_ui_clk                                                                                                                                                                                     {0.000 3.077}        6.154           162.500         
    ddr3_ui_clk_2x                                                                                                                                                                                  {0.000 6.154}        12.308          81.250          
  pll_clkfbout_1                                                                                                                                                                                    {0.000 5.000}        10.000          100.000         
  sync_pulse_1                                                                                                                                                                                      {0.673 2.212}        24.615          40.625          
fpga_clk_a                                                                                                                                                                                          {0.000 2.000}        4.000           250.000         
  radio_clk                                                                                                                                                                                         {0.000 2.000}        4.000           250.000         
    fp_gpio_bus_clk                                                                                                                                                                                 {0.000 4.000}        8.000           125.000         
    pl_spi_clk_a                                                                                                                                                                                    {0.000 20.000}       40.000          25.000          
    pl_spi_clk_b                                                                                                                                                                                    {0.000 20.000}       40.000          25.000          
    pl_spi_rb_clk_a                                                                                                                                                                                 {0.000 48.000}       96.000          10.417          
    pl_spi_rb_clk_b                                                                                                                                                                                 {0.000 48.000}       96.000          10.417          
  radio_clk_fb                                                                                                                                                                                      {0.000 2.000}        4.000           250.000         
fpga_clk_a_v                                                                                                                                                                                        {0.000 2.000}        4.000           250.000         
fpga_clk_b                                                                                                                                                                                          {0.000 2.000}        4.000           250.000         
  radio_clk_b                                                                                                                                                                                       {0.000 2.000}        4.000           250.000         
  radio_clk_b_fb                                                                                                                                                                                    {0.000 2.000}        4.000           250.000         
fpga_clk_b_v                                                                                                                                                                                        {0.000 2.000}        4.000           250.000         
ge_phy_clk                                                                                                                                                                                          {0.000 4.000}        8.000           125.000         
meas_clk_ref                                                                                                                                                                                        {0.000 3.000}        6.000           166.667         
  ddr3_dma_clk_misc_clock_gen                                                                                                                                                                       {0.000 1.646}        3.291           303.819         
  meas_clk                                                                                                                                                                                          {0.000 2.520}        5.040           198.413         
  meas_clk_fb                                                                                                                                                                                       {0.000 9.000}        18.000          55.556          
mgt_clk_dba                                                                                                                                                                                         {0.000 2.000}        4.000           250.000         
mgt_clk_dbb                                                                                                                                                                                         {0.000 2.000}        4.000           250.000         
net_clk                                                                                                                                                                                             {0.000 4.000}        8.000           125.000         
qsfp_wrapper_i/lanes[0].lane_i/mgt_io_i/aurora_phy_i/aurora_64b66b_pcs_pma_i/inst/aurora_64b66b_pcs_pma_wrapper_i/aurora_64b66b_pcs_pma_multi_gt_i/aurora_64b66b_pcs_pma_gtx_inst/gtxe2_i/RXOUTCLK  {0.000 1.551}        3.103           322.269         
qsfp_wrapper_i/lanes[0].lane_i/mgt_io_i/aurora_phy_i/aurora_64b66b_pcs_pma_i/inst/aurora_64b66b_pcs_pma_wrapper_i/aurora_64b66b_pcs_pma_multi_gt_i/aurora_64b66b_pcs_pma_gtx_inst/gtxe2_i/TXOUTCLK  {0.000 1.551}        3.103           322.269         
  mmcm_fb_clk                                                                                                                                                                                       {0.000 7.757}        15.515          64.454          
  sync_clk_i                                                                                                                                                                                        {0.000 1.551}        3.103           322.269         
  user_clk_i                                                                                                                                                                                        {0.000 3.103}        6.206           161.134         
qsfp_wrapper_i/lanes[1].lane_i/mgt_io_i/aurora_phy_i/aurora_64b66b_pcs_pma_i/inst/aurora_64b66b_pcs_pma_wrapper_i/aurora_64b66b_pcs_pma_multi_gt_i/aurora_64b66b_pcs_pma_gtx_inst/gtxe2_i/RXOUTCLK  {0.000 1.551}        3.103           322.269         
qsfp_wrapper_i/lanes[1].lane_i/mgt_io_i/aurora_phy_i/aurora_64b66b_pcs_pma_i/inst/aurora_64b66b_pcs_pma_wrapper_i/aurora_64b66b_pcs_pma_multi_gt_i/aurora_64b66b_pcs_pma_gtx_inst/gtxe2_i/TXOUTCLK  {0.000 1.551}        3.103           322.269         
qsfp_wrapper_i/lanes[2].lane_i/mgt_io_i/aurora_phy_i/aurora_64b66b_pcs_pma_i/inst/aurora_64b66b_pcs_pma_wrapper_i/aurora_64b66b_pcs_pma_multi_gt_i/aurora_64b66b_pcs_pma_gtx_inst/gtxe2_i/RXOUTCLK  {0.000 1.551}        3.103           322.269         
qsfp_wrapper_i/lanes[2].lane_i/mgt_io_i/aurora_phy_i/aurora_64b66b_pcs_pma_i/inst/aurora_64b66b_pcs_pma_wrapper_i/aurora_64b66b_pcs_pma_multi_gt_i/aurora_64b66b_pcs_pma_gtx_inst/gtxe2_i/TXOUTCLK  {0.000 1.551}        3.103           322.269         
qsfp_wrapper_i/lanes[3].lane_i/mgt_io_i/aurora_phy_i/aurora_64b66b_pcs_pma_i/inst/aurora_64b66b_pcs_pma_wrapper_i/aurora_64b66b_pcs_pma_multi_gt_i/aurora_64b66b_pcs_pma_gtx_inst/gtxe2_i/RXOUTCLK  {0.000 1.551}        3.103           322.269         
qsfp_wrapper_i/lanes[3].lane_i/mgt_io_i/aurora_phy_i/aurora_64b66b_pcs_pma_i/inst/aurora_64b66b_pcs_pma_wrapper_i/aurora_64b66b_pcs_pma_multi_gt_i/aurora_64b66b_pcs_pma_gtx_inst/gtxe2_i/TXOUTCLK  {0.000 1.551}        3.103           322.269         
ref_clk                                                                                                                                                                                             {0.000 20.000}       40.000          25.000          
sfp_wrapper_0/lanes[0].lane_i/mgt_io_i/ten_gige_phy_i/ten_gig_eth_pcs_pma_i/inst/gt0_gtwizard_10gbaser_multi_gt_i/gt0_gtwizard_10gbaser_i/gtxe2_i/RXOUTCLK                                          {0.000 1.551}        3.103           322.269         
sfp_wrapper_0/lanes[0].lane_i/mgt_io_i/ten_gige_phy_i/ten_gig_eth_pcs_pma_i/inst/gt0_gtwizard_10gbaser_multi_gt_i/gt0_gtwizard_10gbaser_i/gtxe2_i/TXOUTCLK                                          {0.000 1.551}        3.103           322.269         
sfp_wrapper_1/lanes[0].lane_i/mgt_io_i/ten_gige_phy_i/ten_gig_eth_pcs_pma_i/inst/gt0_gtwizard_10gbaser_multi_gt_i/gt0_gtwizard_10gbaser_i/gtxe2_i/RXOUTCLK                                          {0.000 1.551}        3.103           322.269         
sfp_wrapper_1/lanes[0].lane_i/mgt_io_i/ten_gige_phy_i/ten_gig_eth_pcs_pma_i/inst/gt0_gtwizard_10gbaser_multi_gt_i/gt0_gtwizard_10gbaser_i/gtxe2_i/TXOUTCLK                                          {0.000 1.551}        3.103           322.269         
xge_clk                                                                                                                                                                                             {0.000 3.200}        6.400           156.250         
  dclk_buf                                                                                                                                                                                          {0.000 6.400}        12.800          78.125          


------------------------------------------------------------------------------------------------
| Intra Clock Table
| -----------------
------------------------------------------------------------------------------------------------

Clock                                                                                                                                                                                                   WNS(ns)      TNS(ns)  TNS Failing Endpoints  TNS Total Endpoints      WHS(ns)      THS(ns)  THS Failing Endpoints  THS Total Endpoints     WPWS(ns)     TPWS(ns)  TPWS Failing Endpoints  TPWS Total Endpoints  
-----                                                                                                                                                                                                   -------      -------  ---------------------  -------------------      -------      -------  ---------------------  -------------------     --------     --------  ----------------------  --------------------  
bus_clk                                                                                                                                                                                                   0.094        0.000                      0               152292        0.050        0.000                      0               152292        0.264        0.000                       0                 63048  
clk40                                                                                                                                                                                                     0.264        0.000                      0                86791        0.054        0.000                      0                86431       11.500        0.000                       0                 36004  
ddr3_ext_refclk                                                                                                                                                                                                                                                                                                                                       3.000        0.000                       0                     1  
  freq_refclk_1                                                                                                                                                                                                                                                                                                                                       0.287        0.000                       0                    15  
    u_memc_ui_top_axi/mem_intfc0/ddr_phy_top0/u_ddr_mc_phy_wrapper/u_ddr_mc_phy/ddr_phy_4lanes_0.u_ddr_phy_4lanes/ddr_byte_lane_A.ddr_byte_lane_A/iserdes_clk_1                                                                                                                                                                                       0.468        0.000                       0                    16  
      iserdes_clkdiv_4                                                                                                                                                                                    1.466        0.000                      0                   33        0.070        0.000                      0                   33        0.624        0.000                       0                     9  
    u_memc_ui_top_axi/mem_intfc0/ddr_phy_top0/u_ddr_mc_phy_wrapper/u_ddr_mc_phy/ddr_phy_4lanes_0.u_ddr_phy_4lanes/ddr_byte_lane_B.ddr_byte_lane_B/iserdes_clk_1                                                                                                                                                                                       0.468        0.000                       0                    16  
      iserdes_clkdiv_5                                                                                                                                                                                    1.558        0.000                      0                   33        0.070        0.000                      0                   33        0.624        0.000                       0                     9  
    u_memc_ui_top_axi/mem_intfc0/ddr_phy_top0/u_ddr_mc_phy_wrapper/u_ddr_mc_phy/ddr_phy_4lanes_0.u_ddr_phy_4lanes/ddr_byte_lane_C.ddr_byte_lane_C/iserdes_clk_1                                                                                                                                                                                       0.468        0.000                       0                    16  
      iserdes_clkdiv_6                                                                                                                                                                                    1.574        0.000                      0                   33        0.070        0.000                      0                   33        0.624        0.000                       0                     9  
    u_memc_ui_top_axi/mem_intfc0/ddr_phy_top0/u_ddr_mc_phy_wrapper/u_ddr_mc_phy/ddr_phy_4lanes_0.u_ddr_phy_4lanes/ddr_byte_lane_D.ddr_byte_lane_D/iserdes_clk_1                                                                                                                                                                                       0.468        0.000                       0                    16  
      iserdes_clkdiv_7                                                                                                                                                                                    1.561        0.000                      0                   33        0.070        0.000                      0                   33        0.624        0.000                       0                     9  
  mem_refclk_1                                                                                                                                                                                            0.461        0.000                      0                    2        0.324        0.000                      0                    2        0.234        0.000                       0                    15  
    oserdes_clk_10                                                                                                                                                                                        0.474        0.000                      0                    4        0.371        0.000                      0                    4        0.468        0.000                       0                    12  
      oserdes_clkdiv_10                                                                                                                                                                                   2.083        0.000                      0                   36        0.066        0.000                      0                   36        0.624        0.000                       0                    11  
    oserdes_clk_11                                                                                                                                                                                        0.486        0.000                      0                    4        0.364        0.000                      0                    4        0.468        0.000                       0                    12  
      oserdes_clkdiv_11                                                                                                                                                                                   1.895        0.000                      0                   36        0.062        0.000                      0                   36        0.624        0.000                       0                    11  
    oserdes_clk_12                                                                                                                                                                                                                                                                                                                                    0.468        0.000                       0                     1  
      oserdes_clkdiv_12                                                                                                                                                                                   5.169        0.000                      0                    4        0.072        0.000                      0                    4        2.163        0.000                       0                     2  
    oserdes_clk_13                                                                                                                                                                                                                                                                                                                                    0.468        0.000                       0                     8  
      oserdes_clkdiv_13                                                                                                                                                                                   5.159        0.000                      0                   28        0.072        0.000                      0                   28        2.163        0.000                       0                     8  
    oserdes_clk_14                                                                                                                                                                                                                                                                                                                                    0.468        0.000                       0                     7  
      oserdes_clkdiv_14                                                                                                                                                                                   5.160        0.000                      0                   28        0.070        0.000                      0                   28        2.163        0.000                       0                     8  
    oserdes_clk_15                                                                                                                                                                                                                                                                                                                                    0.468        0.000                       0                    10  
      oserdes_clkdiv_15                                                                                                                                                                                   4.972        0.000                      0                   40        0.062        0.000                      0                   40        2.163        0.000                       0                    11  
    oserdes_clk_8                                                                                                                                                                                         0.479        0.000                      0                    4        0.369        0.000                      0                    4        0.468        0.000                       0                    12  
      oserdes_clkdiv_8                                                                                                                                                                                    2.092        0.000                      0                   36        0.064        0.000                      0                   36        0.624        0.000                       0                    11  
    oserdes_clk_9                                                                                                                                                                                         0.466        0.000                      0                    4        0.375        0.000                      0                    4        0.468        0.000                       0                    12  
      oserdes_clkdiv_9                                                                                                                                                                                    2.082        0.000                      0                   36        0.068        0.000                      0                   36        0.624        0.000                       0                    11  
  pll_clk3_out_1                                                                                                                                                                                                                                                                                                                                      1.577        0.000                       0                     3  
    ddr3_ui_clk                                                                                                                                                                                           0.544        0.000                      0                51021        0.053        0.000                      0                51021        1.827        0.000                       0                 21270  
    ddr3_ui_clk_2x                                                                                                                                                                                        3.952        0.000                      0                   16        0.161        0.000                      0                   16        5.754        0.000                       0                    20  
  pll_clkfbout_1                                                                                                                                                                                                                                                                                                                                      8.929        0.000                       0                     2  
  sync_pulse_1                                                                                                                                                                                                                                                                                                                                        0.466        0.000                       0                    15  
fpga_clk_a                                                                                                                                                                                                                                                                                                                                            0.833        0.000                       0                     1  
  radio_clk                                                                                                                                                                                               0.085        0.000                      0               234757        0.050        0.000                      0               234757        0.970        0.000                       0                 83727  
  radio_clk_fb                                                                                                                                                                                                                                                                                                                                        2.592        0.000                       0                     3  
fpga_clk_b                                                                                                                                                                                                                                                                                                                                            0.833        0.000                       0                     1  
  radio_clk_b                                                                                                                                                                                             0.776        0.000                      0                  202        0.108        0.000                      0                  202        1.600        0.000                       0                   147  
  radio_clk_b_fb                                                                                                                                                                                                                                                                                                                                      2.592        0.000                       0                     3  
meas_clk_ref                                                                                                                                                                                                                                                                                                                                          1.500        0.000                       0                     2  
  ddr3_dma_clk_misc_clock_gen                                                                                                                                                                             0.206        0.000                      0                41769        0.052        0.000                      0                41769        0.878        0.000                       0                 14985  
  meas_clk                                                                                                                                                                                                0.671        0.000                      0                 3418        0.074        0.000                      0                 3418        2.120        0.000                       0                  1813  
  meas_clk_fb                                                                                                                                                                                                                                                                                                                                        16.929        0.000                       0                     2  
mgt_clk_dba                                                                                                                                                                                               3.567        0.000                      0                    1        0.149        0.000                      0                    1        1.600        0.000                       0                     9  
mgt_clk_dbb                                                                                                                                                                                               3.567        0.000                      0                    1        0.149        0.000                      0                    1        1.600        0.000                       0                     9  
net_clk                                                                                                                                                                                                                                                                                                                                               6.592        0.000                       0                     1  
qsfp_wrapper_i/lanes[0].lane_i/mgt_io_i/aurora_phy_i/aurora_64b66b_pcs_pma_i/inst/aurora_64b66b_pcs_pma_wrapper_i/aurora_64b66b_pcs_pma_multi_gt_i/aurora_64b66b_pcs_pma_gtx_inst/gtxe2_i/RXOUTCLK        0.650        0.000                      0                 1180        0.085        0.000                      0                 1180        0.001        0.000                       0                   612  
qsfp_wrapper_i/lanes[0].lane_i/mgt_io_i/aurora_phy_i/aurora_64b66b_pcs_pma_i/inst/aurora_64b66b_pcs_pma_wrapper_i/aurora_64b66b_pcs_pma_multi_gt_i/aurora_64b66b_pcs_pma_gtx_inst/gtxe2_i/TXOUTCLK                                                                                                                                                    0.551        0.000                       0                     3  
  mmcm_fb_clk                                                                                                                                                                                                                                                                                                                                        14.444        0.000                       0                     2  
  sync_clk_i                                                                                                                                                                                              0.928        0.000                      0                  256        0.108        0.000                      0                  256        0.001        0.000                       0                   138  
  user_clk_i                                                                                                                                                                                              0.801        0.000                      0                 9556        0.052        0.000                      0                 9556        0.002        0.000                       0                  4198  
qsfp_wrapper_i/lanes[1].lane_i/mgt_io_i/aurora_phy_i/aurora_64b66b_pcs_pma_i/inst/aurora_64b66b_pcs_pma_wrapper_i/aurora_64b66b_pcs_pma_multi_gt_i/aurora_64b66b_pcs_pma_gtx_inst/gtxe2_i/RXOUTCLK        0.732        0.000                      0                 1180        0.075        0.000                      0                 1180        0.001        0.000                       0                   612  
qsfp_wrapper_i/lanes[2].lane_i/mgt_io_i/aurora_phy_i/aurora_64b66b_pcs_pma_i/inst/aurora_64b66b_pcs_pma_wrapper_i/aurora_64b66b_pcs_pma_multi_gt_i/aurora_64b66b_pcs_pma_gtx_inst/gtxe2_i/RXOUTCLK        0.777        0.000                      0                 1180        0.062        0.000                      0                 1180        0.001        0.000                       0                   612  
qsfp_wrapper_i/lanes[3].lane_i/mgt_io_i/aurora_phy_i/aurora_64b66b_pcs_pma_i/inst/aurora_64b66b_pcs_pma_wrapper_i/aurora_64b66b_pcs_pma_multi_gt_i/aurora_64b66b_pcs_pma_gtx_inst/gtxe2_i/RXOUTCLK        0.814        0.000                      0                 1180        0.057        0.000                      0                 1180        0.001        0.000                       0                   612  
ref_clk                                                                                                                                                                                                   0.790        0.000                      0                 1090        0.106        0.000                      0                 1090       19.600        0.000                       0                   797  
sfp_wrapper_0/lanes[0].lane_i/mgt_io_i/ten_gige_phy_i/ten_gig_eth_pcs_pma_i/inst/gt0_gtwizard_10gbaser_multi_gt_i/gt0_gtwizard_10gbaser_i/gtxe2_i/RXOUTCLK                                                0.281        0.000                      0                 3799        0.057        0.000                      0                 3799        0.001        0.000                       0                  1465  
sfp_wrapper_0/lanes[0].lane_i/mgt_io_i/ten_gige_phy_i/ten_gig_eth_pcs_pma_i/inst/gt0_gtwizard_10gbaser_multi_gt_i/gt0_gtwizard_10gbaser_i/gtxe2_i/TXOUTCLK                                                1.034        0.000                      0                  342        0.108        0.000                      0                  342        0.001        0.000                       0                   204  
sfp_wrapper_1/lanes[0].lane_i/mgt_io_i/ten_gige_phy_i/ten_gig_eth_pcs_pma_i/inst/gt0_gtwizard_10gbaser_multi_gt_i/gt0_gtwizard_10gbaser_i/gtxe2_i/RXOUTCLK                                                0.258        0.000                      0                 3799        0.064        0.000                      0                 3799        0.001        0.000                       0                  1465  
sfp_wrapper_1/lanes[0].lane_i/mgt_io_i/ten_gige_phy_i/ten_gig_eth_pcs_pma_i/inst/gt0_gtwizard_10gbaser_multi_gt_i/gt0_gtwizard_10gbaser_i/gtxe2_i/TXOUTCLK                                                0.720        0.000                      0                  342        0.108        0.000                      0                  342        0.001        0.000                       0                   204  
xge_clk                                                                                                                                                                                                   1.253        0.000                      0                13060        0.054        0.000                      0                13058        2.432        0.000                       0                  6765  
  dclk_buf                                                                                                                                                                                                8.907        0.000                      0                 2558        0.076        0.000                      0                 2558        5.758        0.000                       0                  1469  


------------------------------------------------------------------------------------------------
| Inter Clock Table
| -----------------
------------------------------------------------------------------------------------------------

From Clock                                                                                                                                                   To Clock                                                                                                                                                         WNS(ns)      TNS(ns)  TNS Failing Endpoints  TNS Total Endpoints      WHS(ns)      THS(ns)  THS Failing Endpoints  THS Total Endpoints  
----------                                                                                                                                                   --------                                                                                                                                                         -------      -------  ---------------------  -------------------      -------      -------  ---------------------  -------------------  
                                                                                                                                                             async_out_clk                                                                                                                                                     39.606        0.000                      0                    8        2.857        0.000                      0                    8  
bus_clk                                                                                                                                                      async_out_clk                                                                                                                                                     35.863        0.000                      0                    6        3.308        0.000                      0                    6  
clk40                                                                                                                                                        async_out_clk                                                                                                                                                     36.612        0.000                      0                    4        3.127        0.000                      0                    4  
radio_clk                                                                                                                                                    async_out_clk                                                                                                                                                     41.880        0.000                      0                   19        0.903        0.000                      0                   19  
fp_gpio_bus_clk                                                                                                                                              async_out_clk                                                                                                                                                     44.723        0.000                      0                    1        4.204        0.000                      0                    1  
radio_clk_b                                                                                                                                                  async_out_clk                                                                                                                                                     47.990        0.000                      0                    1        0.357        0.000                      0                    1  
ref_clk                                                                                                                                                      async_out_clk                                                                                                                                                     41.943        0.000                      0                    2        3.702        0.000                      0                    2  
sfp_wrapper_0/lanes[0].lane_i/mgt_io_i/ten_gige_phy_i/ten_gig_eth_pcs_pma_i/inst/gt0_gtwizard_10gbaser_multi_gt_i/gt0_gtwizard_10gbaser_i/gtxe2_i/TXOUTCLK   async_out_clk                                                                                                                                                     33.096        0.000                      0                    1        9.535        0.000                      0                    1  
sfp_wrapper_1/lanes[0].lane_i/mgt_io_i/ten_gige_phy_i/ten_gig_eth_pcs_pma_i/inst/gt0_gtwizard_10gbaser_multi_gt_i/gt0_gtwizard_10gbaser_i/gtxe2_i/TXOUTCLK   async_out_clk                                                                                                                                                     35.239        0.000                      0                    1        8.252        0.000                      0                    1  
dba_jtag_tck                                                                                                                                                 clk40                                                                                                                                                             13.271        0.000                      0                   32       56.921        0.000                      0                   32  
dbb_jtag_tck                                                                                                                                                 clk40                                                                                                                                                             13.903        0.000                      0                   32       57.149        0.000                      0                   32  
clk40                                                                                                                                                        dba_jtag_tck                                                                                                                                                       1.959        0.000                      0                    2        0.634        0.000                      0                    2  
clk40                                                                                                                                                        dbb_jtag_tck                                                                                                                                                       2.943        0.000                      0                    2        0.364        0.000                      0                    2  
ddr3_ui_clk                                                                                                                                                  u_memc_ui_top_axi/mem_intfc0/ddr_phy_top0/u_ddr_mc_phy_wrapper/u_ddr_mc_phy/ddr_phy_4lanes_0.u_ddr_phy_4lanes/ddr_byte_lane_A.ddr_byte_lane_A/iserdes_clk_1        4.302        0.000                      0                    8       23.521        0.000                      0                    8  
ddr3_ui_clk                                                                                                                                                  u_memc_ui_top_axi/mem_intfc0/ddr_phy_top0/u_ddr_mc_phy_wrapper/u_ddr_mc_phy/ddr_phy_4lanes_0.u_ddr_phy_4lanes/ddr_byte_lane_B.ddr_byte_lane_B/iserdes_clk_1        4.412        0.000                      0                    8       23.479        0.000                      0                    8  
ddr3_ui_clk                                                                                                                                                  u_memc_ui_top_axi/mem_intfc0/ddr_phy_top0/u_ddr_mc_phy_wrapper/u_ddr_mc_phy/ddr_phy_4lanes_0.u_ddr_phy_4lanes/ddr_byte_lane_C.ddr_byte_lane_C/iserdes_clk_1        3.425        0.000                      0                    8       24.045        0.000                      0                    8  
ddr3_ui_clk                                                                                                                                                  u_memc_ui_top_axi/mem_intfc0/ddr_phy_top0/u_ddr_mc_phy_wrapper/u_ddr_mc_phy/ddr_phy_4lanes_0.u_ddr_phy_4lanes/ddr_byte_lane_D.ddr_byte_lane_D/iserdes_clk_1        2.566        0.000                      0                    8       24.575        0.000                      0                    8  
sync_pulse_1                                                                                                                                                 mem_refclk_1                                                                                                                                                       0.375        0.000                      0                    2        0.200        0.000                      0                    2  
oserdes_clk_10                                                                                                                                               oserdes_clkdiv_10                                                                                                                                                  0.780        0.000                      0                   15        0.075        0.000                      0                   15  
oserdes_clk_11                                                                                                                                               oserdes_clkdiv_11                                                                                                                                                  0.679        0.000                      0                   15        0.094        0.000                      0                   15  
oserdes_clk_12                                                                                                                                               oserdes_clkdiv_12                                                                                                                                                  0.789        0.000                      0                    2        0.094        0.000                      0                    2  
oserdes_clk_13                                                                                                                                               oserdes_clkdiv_13                                                                                                                                                  0.789        0.000                      0                    8        0.094        0.000                      0                    8  
oserdes_clk_14                                                                                                                                               oserdes_clkdiv_14                                                                                                                                                  0.789        0.000                      0                    8        0.094        0.000                      0                    8  
oserdes_clk_15                                                                                                                                               oserdes_clkdiv_15                                                                                                                                                  0.596        0.000                      0                   11        0.094        0.000                      0                   11  
oserdes_clk_8                                                                                                                                                oserdes_clkdiv_8                                                                                                                                                   0.789        0.000                      0                   15        0.073        0.000                      0                   15  
oserdes_clk_9                                                                                                                                                oserdes_clkdiv_9                                                                                                                                                   0.789        0.000                      0                   15        0.077        0.000                      0                   15  
ddr3_ui_clk_2x                                                                                                                                               ddr3_ui_clk                                                                                                                                                        3.919        0.000                      0                    5        0.114        0.000                      0                    5  
ddr3_ui_clk                                                                                                                                                  ddr3_ui_clk_2x                                                                                                                                                     3.937        0.000                      0                    1        0.241        0.000                      0                    1  
fp_gpio_bus_clk                                                                                                                                              radio_clk                                                                                                                                                         39.347        0.000                      0                    1        5.599        0.000                      0                    1  
pl_spi_rb_clk_a                                                                                                                                              radio_clk                                                                                                                                                         18.698        0.000                      0                    1        2.966        0.000                      0                    1  
pl_spi_rb_clk_b                                                                                                                                              radio_clk                                                                                                                                                         16.363        0.000                      0                    1        4.246        0.000                      0                    1  
fpga_clk_a_v                                                                                                                                                 radio_clk                                                                                                                                                          0.831        0.000                      0                    1        0.166        0.000                      0                    1  
radio_clk_b                                                                                                                                                  radio_clk                                                                                                                                                          0.777        0.000                      0                    1        0.976        0.000                      0                    1  
radio_clk                                                                                                                                                    fp_gpio_bus_clk                                                                                                                                                    1.833        0.000                      0                   11        1.912        0.000                      0                   11  
radio_clk                                                                                                                                                    pl_spi_clk_a                                                                                                                                                       2.328        0.000                      0                    5        1.517        0.000                      0                    5  
radio_clk                                                                                                                                                    pl_spi_clk_b                                                                                                                                                       1.912        0.000                      0                    5        0.516        0.000                      0                    5  
radio_clk                                                                                                                                                    fpga_clk_a_v                                                                                                                                                       0.282        0.000                      0                    1        0.587        0.000                      0                    1  
fpga_clk_b_v                                                                                                                                                 radio_clk_b                                                                                                                                                        0.649        0.000                      0                    1        0.196        0.000                      0                    1  
dclk_buf                                                                                                                                                     xge_clk                                                                                                                                                            2.201        0.000                      0                   32                                                                        
xge_clk                                                                                                                                                      dclk_buf                                                                                                                                                           2.308        0.000                      0                   52                                                                        


------------------------------------------------------------------------------------------------
| Other Path Groups Table
| -----------------------
------------------------------------------------------------------------------------------------

Path Group                                                                                                                                                  From Clock                                                                                                                                                  To Clock                                                                                                                                                        WNS(ns)      TNS(ns)  TNS Failing Endpoints  TNS Total Endpoints      WHS(ns)      THS(ns)  THS Failing Endpoints  THS Total Endpoints  
----------                                                                                                                                                  ----------                                                                                                                                                  --------                                                                                                                                                        -------      -------  ---------------------  -------------------      -------      -------  ---------------------  -------------------  
**async_default**                                                                                                                                           bus_clk                                                                                                                                                     bus_clk                                                                                                                                                           0.254        0.000                      0                12330        0.131        0.000                      0                12330  
**async_default**                                                                                                                                           clk40                                                                                                                                                       clk40                                                                                                                                                             0.326        0.000                      0                 4946        0.112        0.000                      0                 4946  
**async_default**                                                                                                                                           dclk_buf                                                                                                                                                    dclk_buf                                                                                                                                                          9.853        0.000                      0                  196        0.464        0.000                      0                  196  
**async_default**                                                                                                                                           ddr3_dma_clk_misc_clock_gen                                                                                                                                 ddr3_dma_clk_misc_clock_gen                                                                                                                                       0.839        0.000                      0                 1639        0.154        0.000                      0                 1639  
**async_default**                                                                                                                                           ddr3_ui_clk                                                                                                                                                 ddr3_ui_clk                                                                                                                                                       2.732        0.000                      0                  499        0.079        0.000                      0                  499  
**async_default**                                                                                                                                           radio_clk                                                                                                                                                   radio_clk                                                                                                                                                         0.709        0.000                      0                 5592        0.094        0.000                      0                 5592  
**async_default**                                                                                                                                           sfp_wrapper_0/lanes[0].lane_i/mgt_io_i/ten_gige_phy_i/ten_gig_eth_pcs_pma_i/inst/gt0_gtwizard_10gbaser_multi_gt_i/gt0_gtwizard_10gbaser_i/gtxe2_i/TXOUTCLK  sfp_wrapper_0/lanes[0].lane_i/mgt_io_i/ten_gige_phy_i/ten_gig_eth_pcs_pma_i/inst/gt0_gtwizard_10gbaser_multi_gt_i/gt0_gtwizard_10gbaser_i/gtxe2_i/TXOUTCLK        2.292        0.000                      0                    1        0.304        0.000                      0                    1  
**async_default**                                                                                                                                           sfp_wrapper_1/lanes[0].lane_i/mgt_io_i/ten_gige_phy_i/ten_gig_eth_pcs_pma_i/inst/gt0_gtwizard_10gbaser_multi_gt_i/gt0_gtwizard_10gbaser_i/gtxe2_i/TXOUTCLK  sfp_wrapper_1/lanes[0].lane_i/mgt_io_i/ten_gige_phy_i/ten_gig_eth_pcs_pma_i/inst/gt0_gtwizard_10gbaser_multi_gt_i/gt0_gtwizard_10gbaser_i/gtxe2_i/TXOUTCLK        2.211        0.000                      0                    1        0.306        0.000                      0                    1  
**async_default**                                                                                                                                           user_clk_i                                                                                                                                                  user_clk_i                                                                                                                                                        4.804        0.000                      0                  104        0.126        0.000                      0                  104  
**async_default**                                                                                                                                           xge_clk                                                                                                                                                     xge_clk                                                                                                                                                           1.243        0.000                      0                 2090        0.594        0.000                      0                 2090  
**default**                                                                                                                                                                                                                                                                                                                                                                                                                                                                               1.404        0.000                      0                   14        0.332        0.000                      0                   14  
**default**                                                                                                                                                 ddr3_ui_clk                                                                                                                                                                                                                                                                                                                   1.617        0.000                      0                    2                                                                        
**default**                                                                                                                                                 input port clock                                                                                                                                                                                                                                                                                                              0.397        0.000                      0                    2        0.283        0.000                      0                    2  


